c:\users\ramse\documents\cosas_uni\programacion\graficas 1\proyectotuto7\tutorial07\directx_d\vc142.pdb
c:\users\ramse\documents\cosas_uni\programacion\graficas 1\proyectotuto7\tutorial07\directx_d\vc142.idb
c:\users\ramse\documents\cosas_uni\programacion\graficas 1\proyectotuto7\tutorial07\directx_d\scenemanager.obj
c:\users\ramse\documents\cosas_uni\programacion\graficas 1\proyectotuto7\tutorial07\directx_d\mesh.obj
c:\users\ramse\documents\cosas_uni\programacion\graficas 1\proyectotuto7\tutorial07\directx_d\materialapi.obj
c:\users\ramse\documents\cosas_uni\programacion\graficas 1\proyectotuto7\tutorial07\directx_d\graphicapi.obj
c:\users\ramse\documents\cosas_uni\programacion\graficas 1\proyectotuto7\tutorial07\directx_d\cpass.obj
c:\users\ramse\documents\cosas_uni\programacion\graficas 1\proyectotuto7\tutorial07\directx_d\claseviewport.obj
c:\users\ramse\documents\cosas_uni\programacion\graficas 1\proyectotuto7\tutorial07\directx_d\clasevertexbuffer.obj
c:\users\ramse\documents\cosas_uni\programacion\graficas 1\proyectotuto7\tutorial07\directx_d\clasetexture2d.obj
c:\users\ramse\documents\cosas_uni\programacion\graficas 1\proyectotuto7\tutorial07\directx_d\claseswapchain.obj
c:\users\ramse\documents\cosas_uni\programacion\graficas 1\proyectotuto7\tutorial07\directx_d\claseshader.obj
c:\users\ramse\documents\cosas_uni\programacion\graficas 1\proyectotuto7\tutorial07\directx_d\clasesamplestate.obj
c:\users\ramse\documents\cosas_uni\programacion\graficas 1\proyectotuto7\tutorial07\directx_d\claserendertargetview.obj
c:\users\ramse\documents\cosas_uni\programacion\graficas 1\proyectotuto7\tutorial07\directx_d\claserendertarget.obj
c:\users\ramse\documents\cosas_uni\programacion\graficas 1\proyectotuto7\tutorial07\directx_d\claseopengl.obj
c:\users\ramse\documents\cosas_uni\programacion\graficas 1\proyectotuto7\tutorial07\directx_d\clasemanagerinterfaz.obj
c:\users\ramse\documents\cosas_uni\programacion\graficas 1\proyectotuto7\tutorial07\directx_d\clasedevicecontext.obj
c:\users\ramse\documents\cosas_uni\programacion\graficas 1\proyectotuto7\tutorial07\directx_d\clasedevice.obj
c:\users\ramse\documents\cosas_uni\programacion\graficas 1\proyectotuto7\tutorial07\directx_d\clasedepthstencil.obj
c:\users\ramse\documents\cosas_uni\programacion\graficas 1\proyectotuto7\tutorial07\directx_d\clasebuffer.obj
c:\users\ramse\documents\cosas_uni\programacion\graficas 1\proyectotuto7\tutorial07\directx_d\camera.obj
c:\users\ramse\documents\cosas_uni\programacion\graficas 1\proyectotuto7\tutorial07\directx_d\tutorial07.obj
c:\users\ramse\documents\cosas_uni\programacion\graficas 1\proyectotuto7\tutorial07\directx_d\imgui_widgets.obj
c:\users\ramse\documents\cosas_uni\programacion\graficas 1\proyectotuto7\tutorial07\directx_d\imgui_impl_win32.obj
c:\users\ramse\documents\cosas_uni\programacion\graficas 1\proyectotuto7\tutorial07\directx_d\imgui_impl_dx11.obj
c:\users\ramse\documents\cosas_uni\programacion\graficas 1\proyectotuto7\tutorial07\directx_d\imgui_draw.obj
c:\users\ramse\documents\cosas_uni\programacion\graficas 1\proyectotuto7\tutorial07\directx_d\imgui_demo.obj
c:\users\ramse\documents\cosas_uni\programacion\graficas 1\proyectotuto7\tutorial07\directx_d\imgui.obj
c:\users\ramse\documents\cosas_uni\programacion\graficas 1\proyectotuto7\tutorial07\directx_d\firstcamera.obj
c:\users\ramse\documents\cosas_uni\programacion\graficas 1\proyectotuto7\tutorial07\directx_d\imgui_impl_glfw_gl3.obj
c:\users\ramse\documents\cosas_uni\programacion\graficas 1\proyectotuto7\tutorial07\bindirectx_dx86\shaderdx.cso
c:\users\ramse\documents\cosas_uni\programacion\graficas 1\proyectotuto7\tutorial07\bindirectx_dx86\aplication.exe
c:\users\ramse\documents\cosas_uni\programacion\graficas 1\proyectotuto7\tutorial07\bindirectx_dx86\aplication.ilk
c:\users\ramse\documents\cosas_uni\programacion\graficas 1\proyectotuto7\tutorial07\bindirectx_dx86\aplication.pdb
c:\users\ramse\documents\cosas_uni\programacion\graficas 1\proyectotuto7\tutorial07\directx_d\tutorial07.res
c:\users\ramse\documents\cosas_uni\programacion\graficas 1\proyectotuto7\tutorial07\directx_d\tutorial07.tlog\cl.command.1.tlog
c:\users\ramse\documents\cosas_uni\programacion\graficas 1\proyectotuto7\tutorial07\directx_d\tutorial07.tlog\cl.read.1.tlog
c:\users\ramse\documents\cosas_uni\programacion\graficas 1\proyectotuto7\tutorial07\directx_d\tutorial07.tlog\cl.write.1.tlog
c:\users\ramse\documents\cosas_uni\programacion\graficas 1\proyectotuto7\tutorial07\directx_d\tutorial07.tlog\fxc.command.1.tlog
c:\users\ramse\documents\cosas_uni\programacion\graficas 1\proyectotuto7\tutorial07\directx_d\tutorial07.tlog\fxc.read.1.tlog
c:\users\ramse\documents\cosas_uni\programacion\graficas 1\proyectotuto7\tutorial07\directx_d\tutorial07.tlog\fxc.write.1.tlog
c:\users\ramse\documents\cosas_uni\programacion\graficas 1\proyectotuto7\tutorial07\directx_d\tutorial07.tlog\link.command.1.tlog
c:\users\ramse\documents\cosas_uni\programacion\graficas 1\proyectotuto7\tutorial07\directx_d\tutorial07.tlog\link.read.1.tlog
c:\users\ramse\documents\cosas_uni\programacion\graficas 1\proyectotuto7\tutorial07\directx_d\tutorial07.tlog\link.write.1.tlog
c:\users\ramse\documents\cosas_uni\programacion\graficas 1\proyectotuto7\tutorial07\directx_d\tutorial07.tlog\rc.command.1.tlog
c:\users\ramse\documents\cosas_uni\programacion\graficas 1\proyectotuto7\tutorial07\directx_d\tutorial07.tlog\rc.read.1.tlog
c:\users\ramse\documents\cosas_uni\programacion\graficas 1\proyectotuto7\tutorial07\directx_d\tutorial07.tlog\rc.write.1.tlog
