C:\Program Files (x86)\Microsoft Visual Studio\2019\Enterprise\MSBuild\Microsoft\VC\v160\Microsoft.CppBuild.targets(453,5): warning MSB8004: El directorio Output no termina con una barra diagonal final. Esta instancia de compilación agregará la barra diagonal porque es necesaria para que se pueda evaluar correctamente el directorio Output.
  Tutorial07.cpp
C:\Users\ramse\Documents\Cosas_Uni\Programacion\Graficas 1\ProyectoTuto7\Tutorial07\Encabezados\Defines.h(3,1): warning C4005: 'D3D11': redefinición de macro
C:\Users\ramse\Documents\Cosas_Uni\Programacion\Graficas 1\ProyectoTuto7\Tutorial07\Tutorial07.cpp : message : vea la definición anterior de 'D3D11'
C:\Users\ramse\Documents\Cosas_Uni\Programacion\Graficas 1\ProyectoTuto7\Tutorial07\includes\mathfu\internal\vector_2.h(135,1): warning C4201: se ha utilizado una extensión no estándar: struct/union sin especificar
C:\Users\ramse\Documents\Cosas_Uni\Programacion\Graficas 1\ProyectoTuto7\Tutorial07\includes\mathfu\internal\vector_2.h(138): message : Vea la referencia a la creación de una instancia de clase plantilla "mathfu::Vector<T,2>" que se está compilando
C:\Users\ramse\Documents\Cosas_Uni\Programacion\Graficas 1\ProyectoTuto7\Tutorial07\includes\mathfu\internal\vector_2.h(168,1): warning C4201: se ha utilizado una extensión no estándar: struct/union sin especificar
C:\Users\ramse\Documents\Cosas_Uni\Programacion\Graficas 1\ProyectoTuto7\Tutorial07\includes\mathfu\internal\vector_2.h(171): message : Vea la referencia a la creación de una instancia de clase plantilla "mathfu::VectorPacked<T,2>" que se está compilando
C:\Users\ramse\Documents\Cosas_Uni\Programacion\Graficas 1\ProyectoTuto7\Tutorial07\includes\mathfu\internal\vector_3.h(151,1): warning C4201: se ha utilizado una extensión no estándar: struct/union sin especificar
C:\Users\ramse\Documents\Cosas_Uni\Programacion\Graficas 1\ProyectoTuto7\Tutorial07\includes\mathfu\internal\vector_3.h(154): message : Vea la referencia a la creación de una instancia de clase plantilla "mathfu::Vector<T,3>" que se está compilando
C:\Users\ramse\Documents\Cosas_Uni\Programacion\Graficas 1\ProyectoTuto7\Tutorial07\includes\mathfu\internal\vector_3.h(185,1): warning C4201: se ha utilizado una extensión no estándar: struct/union sin especificar
C:\Users\ramse\Documents\Cosas_Uni\Programacion\Graficas 1\ProyectoTuto7\Tutorial07\includes\mathfu\internal\vector_3.h(188): message : Vea la referencia a la creación de una instancia de clase plantilla "mathfu::VectorPacked<T,3>" que se está compilando
C:\Users\ramse\Documents\Cosas_Uni\Programacion\Graficas 1\ProyectoTuto7\Tutorial07\includes\mathfu\internal\vector_4.h(157,1): warning C4201: se ha utilizado una extensión no estándar: struct/union sin especificar
C:\Users\ramse\Documents\Cosas_Uni\Programacion\Graficas 1\ProyectoTuto7\Tutorial07\includes\mathfu\internal\vector_4.h(160): message : Vea la referencia a la creación de una instancia de clase plantilla "mathfu::Vector<T,4>" que se está compilando
C:\Users\ramse\Documents\Cosas_Uni\Programacion\Graficas 1\ProyectoTuto7\Tutorial07\includes\mathfu\internal\vector_4.h(192,1): warning C4201: se ha utilizado una extensión no estándar: struct/union sin especificar
C:\Users\ramse\Documents\Cosas_Uni\Programacion\Graficas 1\ProyectoTuto7\Tutorial07\includes\mathfu\internal\vector_4.h(195): message : Vea la referencia a la creación de una instancia de clase plantilla "mathfu::VectorPacked<T,4>" que se está compilando
C:\Program Files (x86)\Microsoft DirectX SDK (June 2010)\Include\dxgitype.h(12,1): warning C4005: 'DXGI_STATUS_OCCLUDED': redefinición de macro
C:\Program Files (x86)\Windows Kits\10\Include\10.0.18362.0\shared\winerror.h(55840): message : vea la definición anterior de 'DXGI_STATUS_OCCLUDED'
C:\Program Files (x86)\Microsoft DirectX SDK (June 2010)\Include\dxgitype.h(13,1): warning C4005: 'DXGI_STATUS_CLIPPED': redefinición de macro
C:\Program Files (x86)\Windows Kits\10\Include\10.0.18362.0\shared\winerror.h(55849): message : vea la definición anterior de 'DXGI_STATUS_CLIPPED'
C:\Program Files (x86)\Microsoft DirectX SDK (June 2010)\Include\dxgitype.h(14,1): warning C4005: 'DXGI_STATUS_NO_REDIRECTION': redefinición de macro
C:\Program Files (x86)\Windows Kits\10\Include\10.0.18362.0\shared\winerror.h(55858): message : vea la definición anterior de 'DXGI_STATUS_NO_REDIRECTION'
C:\Program Files (x86)\Microsoft DirectX SDK (June 2010)\Include\dxgitype.h(15,1): warning C4005: 'DXGI_STATUS_NO_DESKTOP_ACCESS': redefinición de macro
C:\Program Files (x86)\Windows Kits\10\Include\10.0.18362.0\shared\winerror.h(55867): message : vea la definición anterior de 'DXGI_STATUS_NO_DESKTOP_ACCESS'
C:\Program Files (x86)\Microsoft DirectX SDK (June 2010)\Include\dxgitype.h(16,1): warning C4005: 'DXGI_STATUS_GRAPHICS_VIDPN_SOURCE_IN_USE': redefinición de macro
C:\Program Files (x86)\Windows Kits\10\Include\10.0.18362.0\shared\winerror.h(55876): message : vea la definición anterior de 'DXGI_STATUS_GRAPHICS_VIDPN_SOURCE_IN_USE'
C:\Program Files (x86)\Microsoft DirectX SDK (June 2010)\Include\dxgitype.h(17,1): warning C4005: 'DXGI_STATUS_MODE_CHANGED': redefinición de macro
C:\Program Files (x86)\Windows Kits\10\Include\10.0.18362.0\shared\winerror.h(55885): message : vea la definición anterior de 'DXGI_STATUS_MODE_CHANGED'
C:\Program Files (x86)\Microsoft DirectX SDK (June 2010)\Include\dxgitype.h(18,1): warning C4005: 'DXGI_STATUS_MODE_CHANGE_IN_PROGRESS': redefinición de macro
C:\Program Files (x86)\Windows Kits\10\Include\10.0.18362.0\shared\winerror.h(55894): message : vea la definición anterior de 'DXGI_STATUS_MODE_CHANGE_IN_PROGRESS'
C:\Program Files (x86)\Microsoft DirectX SDK (June 2010)\Include\dxgitype.h(21,1): warning C4005: 'DXGI_ERROR_INVALID_CALL': redefinición de macro
C:\Program Files (x86)\Windows Kits\10\Include\10.0.18362.0\shared\winerror.h(55909): message : vea la definición anterior de 'DXGI_ERROR_INVALID_CALL'
C:\Program Files (x86)\Microsoft DirectX SDK (June 2010)\Include\dxgitype.h(22,1): warning C4005: 'DXGI_ERROR_NOT_FOUND': redefinición de macro
C:\Program Files (x86)\Windows Kits\10\Include\10.0.18362.0\shared\winerror.h(55918): message : vea la definición anterior de 'DXGI_ERROR_NOT_FOUND'
C:\Program Files (x86)\Microsoft DirectX SDK (June 2010)\Include\dxgitype.h(23,1): warning C4005: 'DXGI_ERROR_MORE_DATA': redefinición de macro
C:\Program Files (x86)\Windows Kits\10\Include\10.0.18362.0\shared\winerror.h(55927): message : vea la definición anterior de 'DXGI_ERROR_MORE_DATA'
C:\Program Files (x86)\Microsoft DirectX SDK (June 2010)\Include\dxgitype.h(24,1): warning C4005: 'DXGI_ERROR_UNSUPPORTED': redefinición de macro
C:\Program Files (x86)\Windows Kits\10\Include\10.0.18362.0\shared\winerror.h(55936): message : vea la definición anterior de 'DXGI_ERROR_UNSUPPORTED'
C:\Program Files (x86)\Microsoft DirectX SDK (June 2010)\Include\dxgitype.h(25,1): warning C4005: 'DXGI_ERROR_DEVICE_REMOVED': redefinición de macro
C:\Program Files (x86)\Windows Kits\10\Include\10.0.18362.0\shared\winerror.h(55945): message : vea la definición anterior de 'DXGI_ERROR_DEVICE_REMOVED'
C:\Program Files (x86)\Microsoft DirectX SDK (June 2010)\Include\dxgitype.h(26,1): warning C4005: 'DXGI_ERROR_DEVICE_HUNG': redefinición de macro
C:\Program Files (x86)\Windows Kits\10\Include\10.0.18362.0\shared\winerror.h(55954): message : vea la definición anterior de 'DXGI_ERROR_DEVICE_HUNG'
C:\Program Files (x86)\Microsoft DirectX SDK (June 2010)\Include\dxgitype.h(27,1): warning C4005: 'DXGI_ERROR_DEVICE_RESET': redefinición de macro
C:\Program Files (x86)\Windows Kits\10\Include\10.0.18362.0\shared\winerror.h(55964): message : vea la definición anterior de 'DXGI_ERROR_DEVICE_RESET'
C:\Program Files (x86)\Microsoft DirectX SDK (June 2010)\Include\dxgitype.h(28,1): warning C4005: 'DXGI_ERROR_WAS_STILL_DRAWING': redefinición de macro
C:\Program Files (x86)\Windows Kits\10\Include\10.0.18362.0\shared\winerror.h(55973): message : vea la definición anterior de 'DXGI_ERROR_WAS_STILL_DRAWING'
C:\Program Files (x86)\Microsoft DirectX SDK (June 2010)\Include\dxgitype.h(29,1): warning C4005: 'DXGI_ERROR_FRAME_STATISTICS_DISJOINT': redefinición de macro
C:\Program Files (x86)\Windows Kits\10\Include\10.0.18362.0\shared\winerror.h(55983): message : vea la definición anterior de 'DXGI_ERROR_FRAME_STATISTICS_DISJOINT'
C:\Program Files (x86)\Microsoft DirectX SDK (June 2010)\Include\dxgitype.h(30,1): warning C4005: 'DXGI_ERROR_GRAPHICS_VIDPN_SOURCE_IN_USE': redefinición de macro
C:\Program Files (x86)\Windows Kits\10\Include\10.0.18362.0\shared\winerror.h(55992): message : vea la definición anterior de 'DXGI_ERROR_GRAPHICS_VIDPN_SOURCE_IN_USE'
C:\Program Files (x86)\Microsoft DirectX SDK (June 2010)\Include\dxgitype.h(31,1): warning C4005: 'DXGI_ERROR_DRIVER_INTERNAL_ERROR': redefinición de macro
C:\Program Files (x86)\Windows Kits\10\Include\10.0.18362.0\shared\winerror.h(56002): message : vea la definición anterior de 'DXGI_ERROR_DRIVER_INTERNAL_ERROR'
C:\Program Files (x86)\Microsoft DirectX SDK (June 2010)\Include\dxgitype.h(32,1): warning C4005: 'DXGI_ERROR_NONEXCLUSIVE': redefinición de macro
C:\Program Files (x86)\Windows Kits\10\Include\10.0.18362.0\shared\winerror.h(56011): message : vea la definición anterior de 'DXGI_ERROR_NONEXCLUSIVE'
C:\Program Files (x86)\Microsoft DirectX SDK (June 2010)\Include\dxgitype.h(33,1): warning C4005: 'DXGI_ERROR_NOT_CURRENTLY_AVAILABLE': redefinición de macro
C:\Program Files (x86)\Windows Kits\10\Include\10.0.18362.0\shared\winerror.h(56020): message : vea la definición anterior de 'DXGI_ERROR_NOT_CURRENTLY_AVAILABLE'
C:\Program Files (x86)\Microsoft DirectX SDK (June 2010)\Include\dxgitype.h(34,1): warning C4005: 'DXGI_ERROR_REMOTE_CLIENT_DISCONNECTED': redefinición de macro
C:\Program Files (x86)\Windows Kits\10\Include\10.0.18362.0\shared\winerror.h(56030): message : vea la definición anterior de 'DXGI_ERROR_REMOTE_CLIENT_DISCONNECTED'
C:\Program Files (x86)\Microsoft DirectX SDK (June 2010)\Include\dxgitype.h(35,1): warning C4005: 'DXGI_ERROR_REMOTE_OUTOFMEMORY': redefinición de macro
C:\Program Files (x86)\Windows Kits\10\Include\10.0.18362.0\shared\winerror.h(56039): message : vea la definición anterior de 'DXGI_ERROR_REMOTE_OUTOFMEMORY'
C:\Program Files (x86)\Microsoft DirectX SDK (June 2010)\Include\d3d11.h(917,1): warning C4005: 'D3D11_ERROR_TOO_MANY_UNIQUE_STATE_OBJECTS': redefinición de macro
C:\Program Files (x86)\Windows Kits\10\Include\10.0.18362.0\shared\winerror.h(56303): message : vea la definición anterior de 'D3D11_ERROR_TOO_MANY_UNIQUE_STATE_OBJECTS'
C:\Program Files (x86)\Microsoft DirectX SDK (June 2010)\Include\d3d11.h(918,1): warning C4005: 'D3D11_ERROR_FILE_NOT_FOUND': redefinición de macro
C:\Program Files (x86)\Windows Kits\10\Include\10.0.18362.0\shared\winerror.h(56312): message : vea la definición anterior de 'D3D11_ERROR_FILE_NOT_FOUND'
C:\Program Files (x86)\Microsoft DirectX SDK (June 2010)\Include\d3d11.h(919,1): warning C4005: 'D3D11_ERROR_TOO_MANY_UNIQUE_VIEW_OBJECTS': redefinición de macro
C:\Program Files (x86)\Windows Kits\10\Include\10.0.18362.0\shared\winerror.h(56322): message : vea la definición anterior de 'D3D11_ERROR_TOO_MANY_UNIQUE_VIEW_OBJECTS'
C:\Program Files (x86)\Microsoft DirectX SDK (June 2010)\Include\d3d11.h(920,1): warning C4005: 'D3D11_ERROR_DEFERRED_CONTEXT_MAP_WITHOUT_INITIAL_DISCARD': redefinición de macro
C:\Program Files (x86)\Windows Kits\10\Include\10.0.18362.0\shared\winerror.h(56331): message : vea la definición anterior de 'D3D11_ERROR_DEFERRED_CONTEXT_MAP_WITHOUT_INITIAL_DISCARD'
C:\Program Files (x86)\Microsoft DirectX SDK (June 2010)\Include\d3d10.h(608,1): warning C4005: 'D3D10_ERROR_TOO_MANY_UNIQUE_STATE_OBJECTS': redefinición de macro
C:\Program Files (x86)\Windows Kits\10\Include\10.0.18362.0\shared\winerror.h(56279): message : vea la definición anterior de 'D3D10_ERROR_TOO_MANY_UNIQUE_STATE_OBJECTS'
C:\Program Files (x86)\Microsoft DirectX SDK (June 2010)\Include\d3d10.h(609,1): warning C4005: 'D3D10_ERROR_FILE_NOT_FOUND': redefinición de macro
C:\Program Files (x86)\Windows Kits\10\Include\10.0.18362.0\shared\winerror.h(56288): message : vea la definición anterior de 'D3D10_ERROR_FILE_NOT_FOUND'
C:\Program Files (x86)\Microsoft DirectX SDK (June 2010)\Include\xnamath.h(2662,52): warning C4838: la conversión de 'unsigned int' en 'INT' requiere una conversión de restricción
C:\Program Files (x86)\Microsoft DirectX SDK (June 2010)\Include\xnamath.h(2662,64): warning C4838: la conversión de 'unsigned int' en 'INT' requiere una conversión de restricción
C:\Program Files (x86)\Microsoft DirectX SDK (June 2010)\Include\xnamath.h(2662,76): warning C4838: la conversión de 'unsigned int' en 'INT' requiere una conversión de restricción
C:\Program Files (x86)\Microsoft DirectX SDK (June 2010)\Include\xnamath.h(2662,88): warning C4838: la conversión de 'unsigned int' en 'INT' requiere una conversión de restricción
C:\Program Files (x86)\Microsoft DirectX SDK (June 2010)\Include\xnamath.h(2663,52): warning C4838: la conversión de 'unsigned int' en 'INT' requiere una conversión de restricción
C:\Program Files (x86)\Microsoft DirectX SDK (June 2010)\Include\xnamath.h(2663,64): warning C4838: la conversión de 'unsigned int' en 'INT' requiere una conversión de restricción
C:\Program Files (x86)\Microsoft DirectX SDK (June 2010)\Include\xnamath.h(2663,76): warning C4838: la conversión de 'unsigned int' en 'INT' requiere una conversión de restricción
C:\Program Files (x86)\Microsoft DirectX SDK (June 2010)\Include\xnamath.h(2664,52): warning C4838: la conversión de 'unsigned int' en 'INT' requiere una conversión de restricción
C:\Program Files (x86)\Microsoft DirectX SDK (June 2010)\Include\xnamath.h(2664,64): warning C4838: la conversión de 'unsigned int' en 'INT' requiere una conversión de restricción
C:\Program Files (x86)\Microsoft DirectX SDK (June 2010)\Include\xnamath.h(2664,76): warning C4838: la conversión de 'unsigned int' en 'INT' requiere una conversión de restricción
C:\Program Files (x86)\Microsoft DirectX SDK (June 2010)\Include\xnamath.h(2665,52): warning C4838: la conversión de 'unsigned int' en 'INT' requiere una conversión de restricción
C:\Program Files (x86)\Microsoft DirectX SDK (June 2010)\Include\xnamath.h(2666,64): warning C4838: la conversión de 'unsigned int' en 'INT' requiere una conversión de restricción
C:\Program Files (x86)\Microsoft DirectX SDK (June 2010)\Include\xnamath.h(2667,76): warning C4838: la conversión de 'unsigned int' en 'INT' requiere una conversión de restricción
C:\Program Files (x86)\Microsoft DirectX SDK (June 2010)\Include\xnamath.h(2668,88): warning C4838: la conversión de 'unsigned int' en 'INT' requiere una conversión de restricción
C:\Program Files (x86)\Microsoft DirectX SDK (June 2010)\Include\xnamath.h(2689,46): warning C4838: la conversión de 'unsigned int' en 'INT' requiere una conversión de restricción
C:\Program Files (x86)\Microsoft DirectX SDK (June 2010)\Include\xnamath.h(2689,58): warning C4838: la conversión de 'unsigned int' en 'INT' requiere una conversión de restricción
C:\Program Files (x86)\Microsoft DirectX SDK (June 2010)\Include\xnamath.h(2689,70): warning C4838: la conversión de 'unsigned int' en 'INT' requiere una conversión de restricción
C:\Program Files (x86)\Microsoft DirectX SDK (June 2010)\Include\xnamath.h(2689,82): warning C4838: la conversión de 'unsigned int' en 'INT' requiere una conversión de restricción
C:\Program Files (x86)\Microsoft DirectX SDK (June 2010)\Include\xnamath.h(2690,88): warning C4838: la conversión de 'unsigned int' en 'INT' requiere una conversión de restricción
C:\Program Files (x86)\Microsoft DirectX SDK (June 2010)\Include\xnamath.h(2691,88): warning C4838: la conversión de 'unsigned int' en 'INT' requiere una conversión de restricción
C:\Program Files (x86)\Microsoft DirectX SDK (June 2010)\Include\xnamath.h(2694,88): warning C4838: la conversión de 'unsigned int' en 'INT' requiere una conversión de restricción
C:\Program Files (x86)\Microsoft DirectX SDK (June 2010)\Include\xnamath.h(2695,88): warning C4838: la conversión de 'unsigned int' en 'INT' requiere una conversión de restricción
C:\Program Files (x86)\Microsoft DirectX SDK (June 2010)\Include\xnamath.h(2698,64): warning C4838: la conversión de 'unsigned int' en 'INT' requiere una conversión de restricción
C:\Program Files (x86)\Microsoft DirectX SDK (June 2010)\Include\xnamath.h(2702,76): warning C4838: la conversión de 'unsigned int' en 'INT' requiere una conversión de restricción
C:\Program Files (x86)\Microsoft DirectX SDK (June 2010)\Include\xnamath.h(2702,88): warning C4838: la conversión de 'unsigned int' en 'INT' requiere una conversión de restricción
C:\Program Files (x86)\Microsoft DirectX SDK (June 2010)\Include\xnamath.h(2712,65): warning C4838: la conversión de 'unsigned int' en 'INT' requiere una conversión de restricción
C:\Program Files (x86)\Microsoft DirectX SDK (June 2010)\Include\xnamath.h(2712,91): warning C4838: la conversión de 'unsigned int' en 'INT' requiere una conversión de restricción
C:\Program Files (x86)\Microsoft DirectX SDK (June 2010)\Include\xnamath.h(2713,52): warning C4838: la conversión de 'unsigned int' en 'INT' requiere una conversión de restricción
C:\Program Files (x86)\Microsoft DirectX SDK (June 2010)\Include\xnamath.h(2713,78): warning C4838: la conversión de 'unsigned int' en 'INT' requiere una conversión de restricción
C:\Program Files (x86)\Microsoft DirectX SDK (June 2010)\Include\xnamath.h(2715,52): warning C4838: la conversión de 'unsigned int' en 'INT' requiere una conversión de restricción
C:\Program Files (x86)\Microsoft DirectX SDK (June 2010)\Include\xnamath.h(2716,52): warning C4838: la conversión de 'unsigned int' en 'INT' requiere una conversión de restricción
C:\Program Files (x86)\Microsoft DirectX SDK (June 2010)\Include\xnamath.h(2716,65): warning C4838: la conversión de 'unsigned int' en 'INT' requiere una conversión de restricción
C:\Program Files (x86)\Microsoft DirectX SDK (June 2010)\Include\xnamath.h(2717,52): warning C4838: la conversión de 'unsigned int' en 'INT' requiere una conversión de restricción
C:\Program Files (x86)\Microsoft DirectX SDK (June 2010)\Include\xnamath.h(2717,65): warning C4838: la conversión de 'unsigned int' en 'INT' requiere una conversión de restricción
C:\Program Files (x86)\Microsoft DirectX SDK (June 2010)\Include\xnamath.h(2717,78): warning C4838: la conversión de 'unsigned int' en 'INT' requiere una conversión de restricción
C:\Program Files (x86)\Microsoft DirectX SDK (June 2010)\Include\xnamath.h(2727,54): warning C4838: la conversión de 'unsigned int' en 'INT' requiere una conversión de restricción
C:\Program Files (x86)\Microsoft DirectX SDK (June 2010)\Include\xnamath.h(2728,56): warning C4838: la conversión de 'unsigned int' en 'INT' requiere una conversión de restricción
C:\Program Files (x86)\Microsoft DirectX SDK (June 2010)\Include\xnamath.h(2729,58): warning C4838: la conversión de 'unsigned int' en 'INT' requiere una conversión de restricción
C:\Program Files (x86)\Microsoft DirectX SDK (June 2010)\Include\xnamath.h(2730,54): warning C4838: la conversión de 'unsigned int' en 'INT' requiere una conversión de restricción
C:\Program Files (x86)\Microsoft DirectX SDK (June 2010)\Include\xnamath.h(2730,65): warning C4838: la conversión de 'unsigned int' en 'INT' requiere una conversión de restricción
C:\Program Files (x86)\Microsoft DirectX SDK (June 2010)\Include\xnamath.h(2731,56): warning C4838: la conversión de 'unsigned int' en 'INT' requiere una conversión de restricción
C:\Program Files (x86)\Microsoft DirectX SDK (June 2010)\Include\xnamath.h(2731,67): warning C4838: la conversión de 'unsigned int' en 'INT' requiere una conversión de restricción
C:\Program Files (x86)\Microsoft DirectX SDK (June 2010)\Include\xnamath.h(2732,54): warning C4838: la conversión de 'unsigned int' en 'INT' requiere una conversión de restricción
C:\Program Files (x86)\Microsoft DirectX SDK (June 2010)\Include\xnamath.h(2732,67): warning C4838: la conversión de 'unsigned int' en 'INT' requiere una conversión de restricción
C:\Program Files (x86)\Microsoft DirectX SDK (June 2010)\Include\xnamath.h(2742,60): warning C4838: la conversión de 'unsigned int' en 'INT' requiere una conversión de restricción
C:\Program Files (x86)\Microsoft DirectX SDK (June 2010)\Include\xnamath.h(2742,79): warning C4838: la conversión de 'unsigned int' en 'INT' requiere una conversión de restricción
C:\Program Files (x86)\Microsoft DirectX SDK (June 2010)\Include\xnamath.h(2743,70): warning C4838: la conversión de 'unsigned int' en 'INT' requiere una conversión de restricción
C:\Program Files (x86)\Microsoft DirectX SDK (June 2010)\Include\xnamath.h(2754,73): warning C4838: la conversión de 'unsigned int' en 'INT' requiere una conversión de restricción
C:\Program Files (x86)\Microsoft DirectX SDK (June 2010)\Include\xnamathconvert.inl(2254,71): warning C4838: la conversión de 'unsigned int' en 'INT' requiere una conversión de restricción
C:\Program Files (x86)\Microsoft DirectX SDK (June 2010)\Include\xnamathconvert.inl(4523,69): warning C4838: la conversión de 'unsigned int' en 'INT' requiere una conversión de restricción
C:\Program Files (x86)\Microsoft DirectX SDK (June 2010)\Include\xnamathconvert.inl(4577,68): warning C4838: la conversión de 'unsigned int' en 'INT' requiere una conversión de restricción
C:\Program Files (x86)\Microsoft DirectX SDK (June 2010)\Include\xnamathconvert.inl(4639,65): warning C4838: la conversión de 'unsigned int' en 'INT' requiere una conversión de restricción
C:\Program Files (x86)\Microsoft DirectX SDK (June 2010)\Include\xnamathconvert.inl(4707,64): warning C4838: la conversión de 'unsigned int' en 'INT' requiere una conversión de restricción
C:\Program Files (x86)\Microsoft DirectX SDK (June 2010)\Include\xnamathconvert.inl(4770,64): warning C4838: la conversión de 'unsigned int' en 'INT' requiere una conversión de restricción
C:\Program Files (x86)\Microsoft DirectX SDK (June 2010)\Include\xnamathconvert.inl(4832,63): warning C4838: la conversión de 'unsigned int' en 'INT' requiere una conversión de restricción
C:\Program Files (x86)\Microsoft DirectX SDK (June 2010)\Include\xnamathvector.inl(1269,45): warning C4838: la conversión de 'unsigned int' en 'INT' requiere una conversión de restricción
C:\Program Files (x86)\Microsoft DirectX SDK (June 2010)\Include\xnamathvector.inl(1269,56): warning C4838: la conversión de 'unsigned int' en 'INT' requiere una conversión de restricción
C:\Program Files (x86)\Microsoft DirectX SDK (June 2010)\Include\xnamathvector.inl(1269,67): warning C4838: la conversión de 'unsigned int' en 'INT' requiere una conversión de restricción
C:\Program Files (x86)\Microsoft DirectX SDK (June 2010)\Include\xnamathvector.inl(1269,78): warning C4838: la conversión de 'unsigned int' en 'INT' requiere una conversión de restricción
C:\Program Files (x86)\Microsoft DirectX SDK (June 2010)\Include\xnamathmisc.inl(518,43): warning C4838: la conversión de 'unsigned int' en 'INT' requiere una conversión de restricción
C:\Program Files (x86)\Microsoft DirectX SDK (June 2010)\Include\xnamathmisc.inl(519,40): warning C4838: la conversión de 'unsigned int' en 'INT' requiere una conversión de restricción
C:\Program Files (x86)\Microsoft DirectX SDK (June 2010)\Include\xnamathmisc.inl(519,51): warning C4838: la conversión de 'unsigned int' en 'INT' requiere una conversión de restricción
C:\Users\ramse\Documents\Cosas_Uni\Programacion\Graficas 1\ProyectoTuto7\Tutorial07\Encabezados\Defines.h(55,2): warning C4091: 'typedef ': se ha omitido a la izquierda de 'BonesMatrix' cuando no hay ninguna variable declarada
C:\Users\ramse\Documents\Cosas_Uni\Programacion\Graficas 1\ProyectoTuto7\Tutorial07\Encabezados\Defines.h(79,2): warning C4091: 'typedef ': se ha omitido a la izquierda de 'BoneInfo' cuando no hay ninguna variable declarada
C:\Users\ramse\Documents\Cosas_Uni\Programacion\Graficas 1\ProyectoTuto7\Tutorial07\Encabezados\Defines.h(87,2): warning C4091: 'typedef ': se ha omitido a la izquierda de 'AnimationInfo' cuando no hay ninguna variable declarada
C:\Users\ramse\Documents\Cosas_Uni\Programacion\Graficas 1\ProyectoTuto7\Tutorial07\Encabezados\Defines.h(101,2): warning C4091: 'typedef ': se ha omitido a la izquierda de 'TransitionInfo' cuando no hay ninguna variable declarada
C:\Users\ramse\Documents\Cosas_Uni\Programacion\Graficas 1\ProyectoTuto7\Tutorial07\Encabezados\Defines.h(114,2): warning C4091: 'typedef ': se ha omitido a la izquierda de 'BlendInfo' cuando no hay ninguna variable declarada
C:\Users\ramse\Documents\Cosas_Uni\Programacion\Graficas 1\ProyectoTuto7\Tutorial07\Encabezados\Defines.h(121,2): warning C4091: 'typedef ': se ha omitido a la izquierda de 'VertexInfo' cuando no hay ninguna variable declarada
C:\Users\ramse\Documents\Cosas_Uni\Programacion\Graficas 1\ProyectoTuto7\Tutorial07\Encabezados\Mesh.h(19,2): warning C4091: 'typedef ': se ha omitido a la izquierda de 'VertexBoneData' cuando no hay ninguna variable declarada
C:\Users\ramse\Documents\Cosas_Uni\Programacion\Graficas 1\ProyectoTuto7\Tutorial07\Encabezados\Mesh.h(64,44): warning C4100: 'numVertex': parámetro formal sin referencia
C:\Users\ramse\Documents\Cosas_Uni\Programacion\Graficas 1\ProyectoTuto7\Tutorial07\Encabezados\Mesh.h(64,30): warning C4100: 'MyVertex': parámetro formal sin referencia
C:\Users\ramse\Documents\Cosas_Uni\Programacion\Graficas 1\ProyectoTuto7\Tutorial07\Tutorial07.cpp(146,22): warning C4459: la declaración de 'width' oculta la declaración global
C:\Users\ramse\Documents\Cosas_Uni\Programacion\Graficas 1\ProyectoTuto7\Tutorial07\Tutorial07.cpp(108,29): message : vea la declaración de 'width'
C:\Users\ramse\Documents\Cosas_Uni\Programacion\Graficas 1\ProyectoTuto7\Tutorial07\Tutorial07.cpp(147,23): warning C4459: la declaración de 'height' oculta la declaración global
C:\Users\ramse\Documents\Cosas_Uni\Programacion\Graficas 1\ProyectoTuto7\Tutorial07\Tutorial07.cpp(109,29): message : vea la declaración de 'height'
C:\Users\ramse\Documents\Cosas_Uni\Programacion\Graficas 1\ProyectoTuto7\Tutorial07\Tutorial07.cpp(153,31): warning C4244: 'argumento': conversión de 'UINT' a 'float'; posible pérdida de datos
C:\Users\ramse\Documents\Cosas_Uni\Programacion\Graficas 1\ProyectoTuto7\Tutorial07\Tutorial07.cpp(154,30): warning C4244: 'argumento': conversión de 'UINT' a 'float'; posible pérdida de datos
C:\Users\ramse\Documents\Cosas_Uni\Programacion\Graficas 1\ProyectoTuto7\Tutorial07\Tutorial07.cpp(165,33): warning C4244: 'argumento': conversión de 'UINT' a 'float'; posible pérdida de datos
C:\Users\ramse\Documents\Cosas_Uni\Programacion\Graficas 1\ProyectoTuto7\Tutorial07\Tutorial07.cpp(166,32): warning C4244: 'argumento': conversión de 'UINT' a 'float'; posible pérdida de datos
C:\Users\ramse\Documents\Cosas_Uni\Programacion\Graficas 1\ProyectoTuto7\Tutorial07\Tutorial07.cpp(259,24): warning C4244: '=': conversión de 'UINT' a 'FLOAT'; posible pérdida de datos
C:\Users\ramse\Documents\Cosas_Uni\Programacion\Graficas 1\ProyectoTuto7\Tutorial07\Tutorial07.cpp(260,25): warning C4244: '=': conversión de 'UINT' a 'FLOAT'; posible pérdida de datos
C:\Users\ramse\Documents\Cosas_Uni\Programacion\Graficas 1\ProyectoTuto7\Tutorial07\Tutorial07.cpp(288,28): warning C4244: '=': conversión de 'UINT' a 'float'; posible pérdida de datos
C:\Users\ramse\Documents\Cosas_Uni\Programacion\Graficas 1\ProyectoTuto7\Tutorial07\Tutorial07.cpp(289,27): warning C4244: '=': conversión de 'UINT' a 'float'; posible pérdida de datos
C:\Users\ramse\Documents\Cosas_Uni\Programacion\Graficas 1\ProyectoTuto7\Tutorial07\Tutorial07.cpp(532,23): warning C4018: '<': no coinciden signed/unsigned
C:\Users\ramse\Documents\Cosas_Uni\Programacion\Graficas 1\ProyectoTuto7\Tutorial07\Tutorial07.cpp(616,10): warning C4189: 'numFeatureLevels': la variable local se ha inicializado pero no se hace referencia a ella
C:\Users\ramse\Documents\Cosas_Uni\Programacion\Graficas 1\ProyectoTuto7\Tutorial07\Tutorial07.cpp(1022,14): warning C4189: 'io': la variable local se ha inicializado pero no se hace referencia a ella
C:\Users\ramse\Documents\Cosas_Uni\Programacion\Graficas 1\ProyectoTuto7\Tutorial07\Tutorial07.cpp(1131,71): warning C4244: 'argumento': conversión de 'LONG' a 'T'; posible pérdida de datos
          with
          [
              T=float
          ]
C:\Users\ramse\Documents\Cosas_Uni\Programacion\Graficas 1\ProyectoTuto7\Tutorial07\Tutorial07.cpp(1131,63): warning C4244: 'argumento': conversión de 'LONG' a 'T'; posible pérdida de datos
          with
          [
              T=float
          ]
C:\Users\ramse\Documents\Cosas_Uni\Programacion\Graficas 1\ProyectoTuto7\Tutorial07\Tutorial07.cpp(1192,23): warning C4018: '<': no coinciden signed/unsigned
  Tutorial07_2010.vcxproj -> C:\Users\ramse\Documents\Cosas_Uni\Programacion\Graficas 1\ProyectoTuto7\Tutorial07\binDIRECTX_Dx86\aplication.exe
