C:\Program Files (x86)\Microsoft Visual Studio\2019\Enterprise\MSBuild\Microsoft\VC\v160\Microsoft.CppBuild.targets(453,5): warning MSB8004: El directorio Output no termina con una barra diagonal final. Esta instancia de compilación agregará la barra diagonal porque es necesaria para que se pueda evaluar correctamente el directorio Output.
  CPass.cpp
C:\Users\ramse\Documents\Cosas_Uni\Programacion\Graficas 1\ProyectoTuto7\Tutorial07\Encabezados\Defines.h(5,1): warning C4005: 'OPENGL': redefinición de macro
C:\Users\ramse\Documents\Cosas_Uni\Programacion\Graficas 1\ProyectoTuto7\Tutorial07\CPP\CPass.cpp : message : vea la definición anterior de 'OPENGL'
C:\Users\ramse\Documents\Cosas_Uni\Programacion\Graficas 1\ProyectoTuto7\Tutorial07\includes\mathfu\internal\vector_2.h(135,1): warning C4201: se ha utilizado una extensión no estándar: struct/union sin especificar
C:\Users\ramse\Documents\Cosas_Uni\Programacion\Graficas 1\ProyectoTuto7\Tutorial07\includes\mathfu\internal\vector_2.h(138): message : Vea la referencia a la creación de una instancia de clase plantilla "mathfu::Vector<T,2>" que se está compilando
C:\Users\ramse\Documents\Cosas_Uni\Programacion\Graficas 1\ProyectoTuto7\Tutorial07\includes\mathfu\internal\vector_2.h(168,1): warning C4201: se ha utilizado una extensión no estándar: struct/union sin especificar
C:\Users\ramse\Documents\Cosas_Uni\Programacion\Graficas 1\ProyectoTuto7\Tutorial07\includes\mathfu\internal\vector_2.h(171): message : Vea la referencia a la creación de una instancia de clase plantilla "mathfu::VectorPacked<T,2>" que se está compilando
C:\Users\ramse\Documents\Cosas_Uni\Programacion\Graficas 1\ProyectoTuto7\Tutorial07\includes\mathfu\internal\vector_3.h(151,1): warning C4201: se ha utilizado una extensión no estándar: struct/union sin especificar
C:\Users\ramse\Documents\Cosas_Uni\Programacion\Graficas 1\ProyectoTuto7\Tutorial07\includes\mathfu\internal\vector_3.h(154): message : Vea la referencia a la creación de una instancia de clase plantilla "mathfu::Vector<T,3>" que se está compilando
C:\Users\ramse\Documents\Cosas_Uni\Programacion\Graficas 1\ProyectoTuto7\Tutorial07\includes\mathfu\internal\vector_3.h(185,1): warning C4201: se ha utilizado una extensión no estándar: struct/union sin especificar
C:\Users\ramse\Documents\Cosas_Uni\Programacion\Graficas 1\ProyectoTuto7\Tutorial07\includes\mathfu\internal\vector_3.h(188): message : Vea la referencia a la creación de una instancia de clase plantilla "mathfu::VectorPacked<T,3>" que se está compilando
C:\Users\ramse\Documents\Cosas_Uni\Programacion\Graficas 1\ProyectoTuto7\Tutorial07\includes\mathfu\internal\vector_4.h(157,1): warning C4201: se ha utilizado una extensión no estándar: struct/union sin especificar
C:\Users\ramse\Documents\Cosas_Uni\Programacion\Graficas 1\ProyectoTuto7\Tutorial07\includes\mathfu\internal\vector_4.h(160): message : Vea la referencia a la creación de una instancia de clase plantilla "mathfu::Vector<T,4>" que se está compilando
C:\Users\ramse\Documents\Cosas_Uni\Programacion\Graficas 1\ProyectoTuto7\Tutorial07\includes\mathfu\internal\vector_4.h(192,1): warning C4201: se ha utilizado una extensión no estándar: struct/union sin especificar
C:\Users\ramse\Documents\Cosas_Uni\Programacion\Graficas 1\ProyectoTuto7\Tutorial07\includes\mathfu\internal\vector_4.h(195): message : Vea la referencia a la creación de una instancia de clase plantilla "mathfu::VectorPacked<T,4>" que se está compilando
C:\Users\ramse\Documents\Cosas_Uni\Programacion\Graficas 1\ProyectoTuto7\Tutorial07\Encabezados\Defines.h(55,2): warning C4091: 'typedef ': se ha omitido a la izquierda de 'BoneInfo' cuando no hay ninguna variable declarada
C:\Users\ramse\Documents\Cosas_Uni\Programacion\Graficas 1\ProyectoTuto7\Tutorial07\Encabezados\Defines.h(63,2): warning C4091: 'typedef ': se ha omitido a la izquierda de 'AnimationInfo' cuando no hay ninguna variable declarada
C:\Users\ramse\Documents\Cosas_Uni\Programacion\Graficas 1\ProyectoTuto7\Tutorial07\Encabezados\Defines.h(77,2): warning C4091: 'typedef ': se ha omitido a la izquierda de 'TransitionInfo' cuando no hay ninguna variable declarada
C:\Users\ramse\Documents\Cosas_Uni\Programacion\Graficas 1\ProyectoTuto7\Tutorial07\Encabezados\Defines.h(90,2): warning C4091: 'typedef ': se ha omitido a la izquierda de 'BlendInfo' cuando no hay ninguna variable declarada
C:\Users\ramse\Documents\Cosas_Uni\Programacion\Graficas 1\ProyectoTuto7\Tutorial07\Encabezados\Defines.h(97,2): warning C4091: 'typedef ': se ha omitido a la izquierda de 'VertexInfo' cuando no hay ninguna variable declarada
C:\Users\ramse\Documents\Cosas_Uni\Programacion\Graficas 1\ProyectoTuto7\Tutorial07\Encabezados\Mesh.h(17,2): warning C4091: 'typedef ': se ha omitido a la izquierda de 'VertexBoneData' cuando no hay ninguna variable declarada
C:\Users\ramse\Documents\Cosas_Uni\Programacion\Graficas 1\ProyectoTuto7\Tutorial07\Encabezados\Mesh.h(62,44): warning C4100: 'numVertex': parámetro formal sin referencia
C:\Users\ramse\Documents\Cosas_Uni\Programacion\Graficas 1\ProyectoTuto7\Tutorial07\Encabezados\Mesh.h(62,30): warning C4100: 'MyVertex': parámetro formal sin referencia
C:\Program Files (x86)\Microsoft DirectX SDK (June 2010)\Include\xnamath.h(2662,52): warning C4838: la conversión de 'unsigned int' en 'INT' requiere una conversión de restricción
C:\Program Files (x86)\Microsoft DirectX SDK (June 2010)\Include\xnamath.h(2662,64): warning C4838: la conversión de 'unsigned int' en 'INT' requiere una conversión de restricción
C:\Program Files (x86)\Microsoft DirectX SDK (June 2010)\Include\xnamath.h(2662,76): warning C4838: la conversión de 'unsigned int' en 'INT' requiere una conversión de restricción
C:\Program Files (x86)\Microsoft DirectX SDK (June 2010)\Include\xnamath.h(2662,88): warning C4838: la conversión de 'unsigned int' en 'INT' requiere una conversión de restricción
C:\Program Files (x86)\Microsoft DirectX SDK (June 2010)\Include\xnamath.h(2663,52): warning C4838: la conversión de 'unsigned int' en 'INT' requiere una conversión de restricción
C:\Program Files (x86)\Microsoft DirectX SDK (June 2010)\Include\xnamath.h(2663,64): warning C4838: la conversión de 'unsigned int' en 'INT' requiere una conversión de restricción
C:\Program Files (x86)\Microsoft DirectX SDK (June 2010)\Include\xnamath.h(2663,76): warning C4838: la conversión de 'unsigned int' en 'INT' requiere una conversión de restricción
C:\Program Files (x86)\Microsoft DirectX SDK (June 2010)\Include\xnamath.h(2664,52): warning C4838: la conversión de 'unsigned int' en 'INT' requiere una conversión de restricción
C:\Program Files (x86)\Microsoft DirectX SDK (June 2010)\Include\xnamath.h(2664,64): warning C4838: la conversión de 'unsigned int' en 'INT' requiere una conversión de restricción
C:\Program Files (x86)\Microsoft DirectX SDK (June 2010)\Include\xnamath.h(2664,76): warning C4838: la conversión de 'unsigned int' en 'INT' requiere una conversión de restricción
C:\Program Files (x86)\Microsoft DirectX SDK (June 2010)\Include\xnamath.h(2665,52): warning C4838: la conversión de 'unsigned int' en 'INT' requiere una conversión de restricción
C:\Program Files (x86)\Microsoft DirectX SDK (June 2010)\Include\xnamath.h(2666,64): warning C4838: la conversión de 'unsigned int' en 'INT' requiere una conversión de restricción
C:\Program Files (x86)\Microsoft DirectX SDK (June 2010)\Include\xnamath.h(2667,76): warning C4838: la conversión de 'unsigned int' en 'INT' requiere una conversión de restricción
C:\Program Files (x86)\Microsoft DirectX SDK (June 2010)\Include\xnamath.h(2668,88): warning C4838: la conversión de 'unsigned int' en 'INT' requiere una conversión de restricción
C:\Program Files (x86)\Microsoft DirectX SDK (June 2010)\Include\xnamath.h(2689,46): warning C4838: la conversión de 'unsigned int' en 'INT' requiere una conversión de restricción
C:\Program Files (x86)\Microsoft DirectX SDK (June 2010)\Include\xnamath.h(2689,58): warning C4838: la conversión de 'unsigned int' en 'INT' requiere una conversión de restricción
C:\Program Files (x86)\Microsoft DirectX SDK (June 2010)\Include\xnamath.h(2689,70): warning C4838: la conversión de 'unsigned int' en 'INT' requiere una conversión de restricción
C:\Program Files (x86)\Microsoft DirectX SDK (June 2010)\Include\xnamath.h(2689,82): warning C4838: la conversión de 'unsigned int' en 'INT' requiere una conversión de restricción
C:\Program Files (x86)\Microsoft DirectX SDK (June 2010)\Include\xnamath.h(2690,88): warning C4838: la conversión de 'unsigned int' en 'INT' requiere una conversión de restricción
C:\Program Files (x86)\Microsoft DirectX SDK (June 2010)\Include\xnamath.h(2691,88): warning C4838: la conversión de 'unsigned int' en 'INT' requiere una conversión de restricción
C:\Program Files (x86)\Microsoft DirectX SDK (June 2010)\Include\xnamath.h(2694,88): warning C4838: la conversión de 'unsigned int' en 'INT' requiere una conversión de restricción
C:\Program Files (x86)\Microsoft DirectX SDK (June 2010)\Include\xnamath.h(2695,88): warning C4838: la conversión de 'unsigned int' en 'INT' requiere una conversión de restricción
C:\Program Files (x86)\Microsoft DirectX SDK (June 2010)\Include\xnamath.h(2698,64): warning C4838: la conversión de 'unsigned int' en 'INT' requiere una conversión de restricción
C:\Program Files (x86)\Microsoft DirectX SDK (June 2010)\Include\xnamath.h(2702,76): warning C4838: la conversión de 'unsigned int' en 'INT' requiere una conversión de restricción
C:\Program Files (x86)\Microsoft DirectX SDK (June 2010)\Include\xnamath.h(2702,88): warning C4838: la conversión de 'unsigned int' en 'INT' requiere una conversión de restricción
C:\Program Files (x86)\Microsoft DirectX SDK (June 2010)\Include\xnamath.h(2712,65): warning C4838: la conversión de 'unsigned int' en 'INT' requiere una conversión de restricción
C:\Program Files (x86)\Microsoft DirectX SDK (June 2010)\Include\xnamath.h(2712,91): warning C4838: la conversión de 'unsigned int' en 'INT' requiere una conversión de restricción
C:\Program Files (x86)\Microsoft DirectX SDK (June 2010)\Include\xnamath.h(2713,52): warning C4838: la conversión de 'unsigned int' en 'INT' requiere una conversión de restricción
C:\Program Files (x86)\Microsoft DirectX SDK (June 2010)\Include\xnamath.h(2713,78): warning C4838: la conversión de 'unsigned int' en 'INT' requiere una conversión de restricción
C:\Program Files (x86)\Microsoft DirectX SDK (June 2010)\Include\xnamath.h(2715,52): warning C4838: la conversión de 'unsigned int' en 'INT' requiere una conversión de restricción
C:\Program Files (x86)\Microsoft DirectX SDK (June 2010)\Include\xnamath.h(2716,52): warning C4838: la conversión de 'unsigned int' en 'INT' requiere una conversión de restricción
C:\Program Files (x86)\Microsoft DirectX SDK (June 2010)\Include\xnamath.h(2716,65): warning C4838: la conversión de 'unsigned int' en 'INT' requiere una conversión de restricción
C:\Program Files (x86)\Microsoft DirectX SDK (June 2010)\Include\xnamath.h(2717,52): warning C4838: la conversión de 'unsigned int' en 'INT' requiere una conversión de restricción
C:\Program Files (x86)\Microsoft DirectX SDK (June 2010)\Include\xnamath.h(2717,65): warning C4838: la conversión de 'unsigned int' en 'INT' requiere una conversión de restricción
C:\Program Files (x86)\Microsoft DirectX SDK (June 2010)\Include\xnamath.h(2717,78): warning C4838: la conversión de 'unsigned int' en 'INT' requiere una conversión de restricción
C:\Program Files (x86)\Microsoft DirectX SDK (June 2010)\Include\xnamath.h(2727,54): warning C4838: la conversión de 'unsigned int' en 'INT' requiere una conversión de restricción
C:\Program Files (x86)\Microsoft DirectX SDK (June 2010)\Include\xnamath.h(2728,56): warning C4838: la conversión de 'unsigned int' en 'INT' requiere una conversión de restricción
C:\Program Files (x86)\Microsoft DirectX SDK (June 2010)\Include\xnamath.h(2729,58): warning C4838: la conversión de 'unsigned int' en 'INT' requiere una conversión de restricción
C:\Program Files (x86)\Microsoft DirectX SDK (June 2010)\Include\xnamath.h(2730,54): warning C4838: la conversión de 'unsigned int' en 'INT' requiere una conversión de restricción
C:\Program Files (x86)\Microsoft DirectX SDK (June 2010)\Include\xnamath.h(2730,65): warning C4838: la conversión de 'unsigned int' en 'INT' requiere una conversión de restricción
C:\Program Files (x86)\Microsoft DirectX SDK (June 2010)\Include\xnamath.h(2731,56): warning C4838: la conversión de 'unsigned int' en 'INT' requiere una conversión de restricción
C:\Program Files (x86)\Microsoft DirectX SDK (June 2010)\Include\xnamath.h(2731,67): warning C4838: la conversión de 'unsigned int' en 'INT' requiere una conversión de restricción
C:\Program Files (x86)\Microsoft DirectX SDK (June 2010)\Include\xnamath.h(2732,54): warning C4838: la conversión de 'unsigned int' en 'INT' requiere una conversión de restricción
C:\Program Files (x86)\Microsoft DirectX SDK (June 2010)\Include\xnamath.h(2732,67): warning C4838: la conversión de 'unsigned int' en 'INT' requiere una conversión de restricción
C:\Program Files (x86)\Microsoft DirectX SDK (June 2010)\Include\xnamath.h(2742,60): warning C4838: la conversión de 'unsigned int' en 'INT' requiere una conversión de restricción
C:\Program Files (x86)\Microsoft DirectX SDK (June 2010)\Include\xnamath.h(2742,79): warning C4838: la conversión de 'unsigned int' en 'INT' requiere una conversión de restricción
C:\Program Files (x86)\Microsoft DirectX SDK (June 2010)\Include\xnamath.h(2743,70): warning C4838: la conversión de 'unsigned int' en 'INT' requiere una conversión de restricción
C:\Program Files (x86)\Microsoft DirectX SDK (June 2010)\Include\xnamath.h(2754,73): warning C4838: la conversión de 'unsigned int' en 'INT' requiere una conversión de restricción
C:\Program Files (x86)\Microsoft DirectX SDK (June 2010)\Include\xnamathconvert.inl(2254,71): warning C4838: la conversión de 'unsigned int' en 'INT' requiere una conversión de restricción
C:\Program Files (x86)\Microsoft DirectX SDK (June 2010)\Include\xnamathconvert.inl(4523,69): warning C4838: la conversión de 'unsigned int' en 'INT' requiere una conversión de restricción
C:\Program Files (x86)\Microsoft DirectX SDK (June 2010)\Include\xnamathconvert.inl(4577,68): warning C4838: la conversión de 'unsigned int' en 'INT' requiere una conversión de restricción
C:\Program Files (x86)\Microsoft DirectX SDK (June 2010)\Include\xnamathconvert.inl(4639,65): warning C4838: la conversión de 'unsigned int' en 'INT' requiere una conversión de restricción
C:\Program Files (x86)\Microsoft DirectX SDK (June 2010)\Include\xnamathconvert.inl(4707,64): warning C4838: la conversión de 'unsigned int' en 'INT' requiere una conversión de restricción
C:\Program Files (x86)\Microsoft DirectX SDK (June 2010)\Include\xnamathconvert.inl(4770,64): warning C4838: la conversión de 'unsigned int' en 'INT' requiere una conversión de restricción
C:\Program Files (x86)\Microsoft DirectX SDK (June 2010)\Include\xnamathconvert.inl(4832,63): warning C4838: la conversión de 'unsigned int' en 'INT' requiere una conversión de restricción
C:\Program Files (x86)\Microsoft DirectX SDK (June 2010)\Include\xnamathvector.inl(1269,45): warning C4838: la conversión de 'unsigned int' en 'INT' requiere una conversión de restricción
C:\Program Files (x86)\Microsoft DirectX SDK (June 2010)\Include\xnamathvector.inl(1269,56): warning C4838: la conversión de 'unsigned int' en 'INT' requiere una conversión de restricción
C:\Program Files (x86)\Microsoft DirectX SDK (June 2010)\Include\xnamathvector.inl(1269,67): warning C4838: la conversión de 'unsigned int' en 'INT' requiere una conversión de restricción
C:\Program Files (x86)\Microsoft DirectX SDK (June 2010)\Include\xnamathvector.inl(1269,78): warning C4838: la conversión de 'unsigned int' en 'INT' requiere una conversión de restricción
C:\Program Files (x86)\Microsoft DirectX SDK (June 2010)\Include\xnamathmisc.inl(518,43): warning C4838: la conversión de 'unsigned int' en 'INT' requiere una conversión de restricción
C:\Program Files (x86)\Microsoft DirectX SDK (June 2010)\Include\xnamathmisc.inl(519,40): warning C4838: la conversión de 'unsigned int' en 'INT' requiere una conversión de restricción
C:\Program Files (x86)\Microsoft DirectX SDK (June 2010)\Include\xnamathmisc.inl(519,51): warning C4838: la conversión de 'unsigned int' en 'INT' requiere una conversión de restricción
C:\Users\ramse\Documents\Cosas_Uni\Programacion\Graficas 1\ProyectoTuto7\Tutorial07\CPP\CPass.cpp(45,23): warning C4018: '<': no coinciden signed/unsigned
  ClaseOpenGL.cpp
C:\Users\ramse\Documents\Cosas_Uni\Programacion\Graficas 1\ProyectoTuto7\Tutorial07\Encabezados\Defines.h(5,1): warning C4005: 'OPENGL': redefinición de macro
C:\Users\ramse\Documents\Cosas_Uni\Programacion\Graficas 1\ProyectoTuto7\Tutorial07\CPP\ClaseOpenGL.cpp : message : vea la definición anterior de 'OPENGL'
C:\Users\ramse\Documents\Cosas_Uni\Programacion\Graficas 1\ProyectoTuto7\Tutorial07\includes\mathfu\internal\vector_2.h(135,1): warning C4201: se ha utilizado una extensión no estándar: struct/union sin especificar
C:\Users\ramse\Documents\Cosas_Uni\Programacion\Graficas 1\ProyectoTuto7\Tutorial07\includes\mathfu\internal\vector_2.h(138): message : Vea la referencia a la creación de una instancia de clase plantilla "mathfu::Vector<T,2>" que se está compilando
C:\Users\ramse\Documents\Cosas_Uni\Programacion\Graficas 1\ProyectoTuto7\Tutorial07\includes\mathfu\internal\vector_2.h(168,1): warning C4201: se ha utilizado una extensión no estándar: struct/union sin especificar
C:\Users\ramse\Documents\Cosas_Uni\Programacion\Graficas 1\ProyectoTuto7\Tutorial07\includes\mathfu\internal\vector_2.h(171): message : Vea la referencia a la creación de una instancia de clase plantilla "mathfu::VectorPacked<T,2>" que se está compilando
C:\Users\ramse\Documents\Cosas_Uni\Programacion\Graficas 1\ProyectoTuto7\Tutorial07\includes\mathfu\internal\vector_3.h(151,1): warning C4201: se ha utilizado una extensión no estándar: struct/union sin especificar
C:\Users\ramse\Documents\Cosas_Uni\Programacion\Graficas 1\ProyectoTuto7\Tutorial07\includes\mathfu\internal\vector_3.h(154): message : Vea la referencia a la creación de una instancia de clase plantilla "mathfu::Vector<T,3>" que se está compilando
C:\Users\ramse\Documents\Cosas_Uni\Programacion\Graficas 1\ProyectoTuto7\Tutorial07\includes\mathfu\internal\vector_3.h(185,1): warning C4201: se ha utilizado una extensión no estándar: struct/union sin especificar
C:\Users\ramse\Documents\Cosas_Uni\Programacion\Graficas 1\ProyectoTuto7\Tutorial07\includes\mathfu\internal\vector_3.h(188): message : Vea la referencia a la creación de una instancia de clase plantilla "mathfu::VectorPacked<T,3>" que se está compilando
C:\Users\ramse\Documents\Cosas_Uni\Programacion\Graficas 1\ProyectoTuto7\Tutorial07\includes\mathfu\internal\vector_4.h(157,1): warning C4201: se ha utilizado una extensión no estándar: struct/union sin especificar
C:\Users\ramse\Documents\Cosas_Uni\Programacion\Graficas 1\ProyectoTuto7\Tutorial07\includes\mathfu\internal\vector_4.h(160): message : Vea la referencia a la creación de una instancia de clase plantilla "mathfu::Vector<T,4>" que se está compilando
C:\Users\ramse\Documents\Cosas_Uni\Programacion\Graficas 1\ProyectoTuto7\Tutorial07\includes\mathfu\internal\vector_4.h(192,1): warning C4201: se ha utilizado una extensión no estándar: struct/union sin especificar
C:\Users\ramse\Documents\Cosas_Uni\Programacion\Graficas 1\ProyectoTuto7\Tutorial07\includes\mathfu\internal\vector_4.h(195): message : Vea la referencia a la creación de una instancia de clase plantilla "mathfu::VectorPacked<T,4>" que se está compilando
C:\Users\ramse\Documents\Cosas_Uni\Programacion\Graficas 1\ProyectoTuto7\Tutorial07\Encabezados\Defines.h(55,2): warning C4091: 'typedef ': se ha omitido a la izquierda de 'BoneInfo' cuando no hay ninguna variable declarada
C:\Users\ramse\Documents\Cosas_Uni\Programacion\Graficas 1\ProyectoTuto7\Tutorial07\Encabezados\Defines.h(63,2): warning C4091: 'typedef ': se ha omitido a la izquierda de 'AnimationInfo' cuando no hay ninguna variable declarada
C:\Users\ramse\Documents\Cosas_Uni\Programacion\Graficas 1\ProyectoTuto7\Tutorial07\Encabezados\Defines.h(77,2): warning C4091: 'typedef ': se ha omitido a la izquierda de 'TransitionInfo' cuando no hay ninguna variable declarada
C:\Users\ramse\Documents\Cosas_Uni\Programacion\Graficas 1\ProyectoTuto7\Tutorial07\Encabezados\Defines.h(90,2): warning C4091: 'typedef ': se ha omitido a la izquierda de 'BlendInfo' cuando no hay ninguna variable declarada
C:\Users\ramse\Documents\Cosas_Uni\Programacion\Graficas 1\ProyectoTuto7\Tutorial07\Encabezados\Defines.h(97,2): warning C4091: 'typedef ': se ha omitido a la izquierda de 'VertexInfo' cuando no hay ninguna variable declarada
C:\Users\ramse\Documents\Cosas_Uni\Programacion\Graficas 1\ProyectoTuto7\Tutorial07\Encabezados\Mesh.h(17,2): warning C4091: 'typedef ': se ha omitido a la izquierda de 'VertexBoneData' cuando no hay ninguna variable declarada
C:\Users\ramse\Documents\Cosas_Uni\Programacion\Graficas 1\ProyectoTuto7\Tutorial07\Encabezados\Mesh.h(62,44): warning C4100: 'numVertex': parámetro formal sin referencia
C:\Users\ramse\Documents\Cosas_Uni\Programacion\Graficas 1\ProyectoTuto7\Tutorial07\Encabezados\Mesh.h(62,30): warning C4100: 'MyVertex': parámetro formal sin referencia
C:\Program Files (x86)\Microsoft DirectX SDK (June 2010)\Include\xnamath.h(2662,52): warning C4838: la conversión de 'unsigned int' en 'INT' requiere una conversión de restricción
C:\Program Files (x86)\Microsoft DirectX SDK (June 2010)\Include\xnamath.h(2662,64): warning C4838: la conversión de 'unsigned int' en 'INT' requiere una conversión de restricción
C:\Program Files (x86)\Microsoft DirectX SDK (June 2010)\Include\xnamath.h(2662,76): warning C4838: la conversión de 'unsigned int' en 'INT' requiere una conversión de restricción
C:\Program Files (x86)\Microsoft DirectX SDK (June 2010)\Include\xnamath.h(2662,88): warning C4838: la conversión de 'unsigned int' en 'INT' requiere una conversión de restricción
C:\Program Files (x86)\Microsoft DirectX SDK (June 2010)\Include\xnamath.h(2663,52): warning C4838: la conversión de 'unsigned int' en 'INT' requiere una conversión de restricción
C:\Program Files (x86)\Microsoft DirectX SDK (June 2010)\Include\xnamath.h(2663,64): warning C4838: la conversión de 'unsigned int' en 'INT' requiere una conversión de restricción
C:\Program Files (x86)\Microsoft DirectX SDK (June 2010)\Include\xnamath.h(2663,76): warning C4838: la conversión de 'unsigned int' en 'INT' requiere una conversión de restricción
C:\Program Files (x86)\Microsoft DirectX SDK (June 2010)\Include\xnamath.h(2664,52): warning C4838: la conversión de 'unsigned int' en 'INT' requiere una conversión de restricción
C:\Program Files (x86)\Microsoft DirectX SDK (June 2010)\Include\xnamath.h(2664,64): warning C4838: la conversión de 'unsigned int' en 'INT' requiere una conversión de restricción
C:\Program Files (x86)\Microsoft DirectX SDK (June 2010)\Include\xnamath.h(2664,76): warning C4838: la conversión de 'unsigned int' en 'INT' requiere una conversión de restricción
C:\Program Files (x86)\Microsoft DirectX SDK (June 2010)\Include\xnamath.h(2665,52): warning C4838: la conversión de 'unsigned int' en 'INT' requiere una conversión de restricción
C:\Program Files (x86)\Microsoft DirectX SDK (June 2010)\Include\xnamath.h(2666,64): warning C4838: la conversión de 'unsigned int' en 'INT' requiere una conversión de restricción
C:\Program Files (x86)\Microsoft DirectX SDK (June 2010)\Include\xnamath.h(2667,76): warning C4838: la conversión de 'unsigned int' en 'INT' requiere una conversión de restricción
C:\Program Files (x86)\Microsoft DirectX SDK (June 2010)\Include\xnamath.h(2668,88): warning C4838: la conversión de 'unsigned int' en 'INT' requiere una conversión de restricción
C:\Program Files (x86)\Microsoft DirectX SDK (June 2010)\Include\xnamath.h(2689,46): warning C4838: la conversión de 'unsigned int' en 'INT' requiere una conversión de restricción
C:\Program Files (x86)\Microsoft DirectX SDK (June 2010)\Include\xnamath.h(2689,58): warning C4838: la conversión de 'unsigned int' en 'INT' requiere una conversión de restricción
C:\Program Files (x86)\Microsoft DirectX SDK (June 2010)\Include\xnamath.h(2689,70): warning C4838: la conversión de 'unsigned int' en 'INT' requiere una conversión de restricción
C:\Program Files (x86)\Microsoft DirectX SDK (June 2010)\Include\xnamath.h(2689,82): warning C4838: la conversión de 'unsigned int' en 'INT' requiere una conversión de restricción
C:\Program Files (x86)\Microsoft DirectX SDK (June 2010)\Include\xnamath.h(2690,88): warning C4838: la conversión de 'unsigned int' en 'INT' requiere una conversión de restricción
C:\Program Files (x86)\Microsoft DirectX SDK (June 2010)\Include\xnamath.h(2691,88): warning C4838: la conversión de 'unsigned int' en 'INT' requiere una conversión de restricción
C:\Program Files (x86)\Microsoft DirectX SDK (June 2010)\Include\xnamath.h(2694,88): warning C4838: la conversión de 'unsigned int' en 'INT' requiere una conversión de restricción
C:\Program Files (x86)\Microsoft DirectX SDK (June 2010)\Include\xnamath.h(2695,88): warning C4838: la conversión de 'unsigned int' en 'INT' requiere una conversión de restricción
C:\Program Files (x86)\Microsoft DirectX SDK (June 2010)\Include\xnamath.h(2698,64): warning C4838: la conversión de 'unsigned int' en 'INT' requiere una conversión de restricción
C:\Program Files (x86)\Microsoft DirectX SDK (June 2010)\Include\xnamath.h(2702,76): warning C4838: la conversión de 'unsigned int' en 'INT' requiere una conversión de restricción
C:\Program Files (x86)\Microsoft DirectX SDK (June 2010)\Include\xnamath.h(2702,88): warning C4838: la conversión de 'unsigned int' en 'INT' requiere una conversión de restricción
C:\Program Files (x86)\Microsoft DirectX SDK (June 2010)\Include\xnamath.h(2712,65): warning C4838: la conversión de 'unsigned int' en 'INT' requiere una conversión de restricción
C:\Program Files (x86)\Microsoft DirectX SDK (June 2010)\Include\xnamath.h(2712,91): warning C4838: la conversión de 'unsigned int' en 'INT' requiere una conversión de restricción
C:\Program Files (x86)\Microsoft DirectX SDK (June 2010)\Include\xnamath.h(2713,52): warning C4838: la conversión de 'unsigned int' en 'INT' requiere una conversión de restricción
C:\Program Files (x86)\Microsoft DirectX SDK (June 2010)\Include\xnamath.h(2713,78): warning C4838: la conversión de 'unsigned int' en 'INT' requiere una conversión de restricción
C:\Program Files (x86)\Microsoft DirectX SDK (June 2010)\Include\xnamath.h(2715,52): warning C4838: la conversión de 'unsigned int' en 'INT' requiere una conversión de restricción
C:\Program Files (x86)\Microsoft DirectX SDK (June 2010)\Include\xnamath.h(2716,52): warning C4838: la conversión de 'unsigned int' en 'INT' requiere una conversión de restricción
C:\Program Files (x86)\Microsoft DirectX SDK (June 2010)\Include\xnamath.h(2716,65): warning C4838: la conversión de 'unsigned int' en 'INT' requiere una conversión de restricción
C:\Program Files (x86)\Microsoft DirectX SDK (June 2010)\Include\xnamath.h(2717,52): warning C4838: la conversión de 'unsigned int' en 'INT' requiere una conversión de restricción
C:\Program Files (x86)\Microsoft DirectX SDK (June 2010)\Include\xnamath.h(2717,65): warning C4838: la conversión de 'unsigned int' en 'INT' requiere una conversión de restricción
C:\Program Files (x86)\Microsoft DirectX SDK (June 2010)\Include\xnamath.h(2717,78): warning C4838: la conversión de 'unsigned int' en 'INT' requiere una conversión de restricción
C:\Program Files (x86)\Microsoft DirectX SDK (June 2010)\Include\xnamath.h(2727,54): warning C4838: la conversión de 'unsigned int' en 'INT' requiere una conversión de restricción
C:\Program Files (x86)\Microsoft DirectX SDK (June 2010)\Include\xnamath.h(2728,56): warning C4838: la conversión de 'unsigned int' en 'INT' requiere una conversión de restricción
C:\Program Files (x86)\Microsoft DirectX SDK (June 2010)\Include\xnamath.h(2729,58): warning C4838: la conversión de 'unsigned int' en 'INT' requiere una conversión de restricción
C:\Program Files (x86)\Microsoft DirectX SDK (June 2010)\Include\xnamath.h(2730,54): warning C4838: la conversión de 'unsigned int' en 'INT' requiere una conversión de restricción
C:\Program Files (x86)\Microsoft DirectX SDK (June 2010)\Include\xnamath.h(2730,65): warning C4838: la conversión de 'unsigned int' en 'INT' requiere una conversión de restricción
C:\Program Files (x86)\Microsoft DirectX SDK (June 2010)\Include\xnamath.h(2731,56): warning C4838: la conversión de 'unsigned int' en 'INT' requiere una conversión de restricción
C:\Program Files (x86)\Microsoft DirectX SDK (June 2010)\Include\xnamath.h(2731,67): warning C4838: la conversión de 'unsigned int' en 'INT' requiere una conversión de restricción
C:\Program Files (x86)\Microsoft DirectX SDK (June 2010)\Include\xnamath.h(2732,54): warning C4838: la conversión de 'unsigned int' en 'INT' requiere una conversión de restricción
C:\Program Files (x86)\Microsoft DirectX SDK (June 2010)\Include\xnamath.h(2732,67): warning C4838: la conversión de 'unsigned int' en 'INT' requiere una conversión de restricción
C:\Program Files (x86)\Microsoft DirectX SDK (June 2010)\Include\xnamath.h(2742,60): warning C4838: la conversión de 'unsigned int' en 'INT' requiere una conversión de restricción
C:\Program Files (x86)\Microsoft DirectX SDK (June 2010)\Include\xnamath.h(2742,79): warning C4838: la conversión de 'unsigned int' en 'INT' requiere una conversión de restricción
C:\Program Files (x86)\Microsoft DirectX SDK (June 2010)\Include\xnamath.h(2743,70): warning C4838: la conversión de 'unsigned int' en 'INT' requiere una conversión de restricción
C:\Program Files (x86)\Microsoft DirectX SDK (June 2010)\Include\xnamath.h(2754,73): warning C4838: la conversión de 'unsigned int' en 'INT' requiere una conversión de restricción
C:\Program Files (x86)\Microsoft DirectX SDK (June 2010)\Include\xnamathconvert.inl(2254,71): warning C4838: la conversión de 'unsigned int' en 'INT' requiere una conversión de restricción
C:\Program Files (x86)\Microsoft DirectX SDK (June 2010)\Include\xnamathconvert.inl(4523,69): warning C4838: la conversión de 'unsigned int' en 'INT' requiere una conversión de restricción
C:\Program Files (x86)\Microsoft DirectX SDK (June 2010)\Include\xnamathconvert.inl(4577,68): warning C4838: la conversión de 'unsigned int' en 'INT' requiere una conversión de restricción
C:\Program Files (x86)\Microsoft DirectX SDK (June 2010)\Include\xnamathconvert.inl(4639,65): warning C4838: la conversión de 'unsigned int' en 'INT' requiere una conversión de restricción
C:\Program Files (x86)\Microsoft DirectX SDK (June 2010)\Include\xnamathconvert.inl(4707,64): warning C4838: la conversión de 'unsigned int' en 'INT' requiere una conversión de restricción
C:\Program Files (x86)\Microsoft DirectX SDK (June 2010)\Include\xnamathconvert.inl(4770,64): warning C4838: la conversión de 'unsigned int' en 'INT' requiere una conversión de restricción
C:\Program Files (x86)\Microsoft DirectX SDK (June 2010)\Include\xnamathconvert.inl(4832,63): warning C4838: la conversión de 'unsigned int' en 'INT' requiere una conversión de restricción
C:\Program Files (x86)\Microsoft DirectX SDK (June 2010)\Include\xnamathvector.inl(1269,45): warning C4838: la conversión de 'unsigned int' en 'INT' requiere una conversión de restricción
C:\Program Files (x86)\Microsoft DirectX SDK (June 2010)\Include\xnamathvector.inl(1269,56): warning C4838: la conversión de 'unsigned int' en 'INT' requiere una conversión de restricción
C:\Program Files (x86)\Microsoft DirectX SDK (June 2010)\Include\xnamathvector.inl(1269,67): warning C4838: la conversión de 'unsigned int' en 'INT' requiere una conversión de restricción
C:\Program Files (x86)\Microsoft DirectX SDK (June 2010)\Include\xnamathvector.inl(1269,78): warning C4838: la conversión de 'unsigned int' en 'INT' requiere una conversión de restricción
C:\Program Files (x86)\Microsoft DirectX SDK (June 2010)\Include\xnamathmisc.inl(518,43): warning C4838: la conversión de 'unsigned int' en 'INT' requiere una conversión de restricción
C:\Program Files (x86)\Microsoft DirectX SDK (June 2010)\Include\xnamathmisc.inl(519,40): warning C4838: la conversión de 'unsigned int' en 'INT' requiere una conversión de restricción
C:\Program Files (x86)\Microsoft DirectX SDK (June 2010)\Include\xnamathmisc.inl(519,51): warning C4838: la conversión de 'unsigned int' en 'INT' requiere una conversión de restricción
C:\Users\ramse\Documents\Cosas_Uni\Programacion\Graficas 1\ProyectoTuto7\Tutorial07\CPP\ClaseOpenGL.cpp(25,44): warning C4100: 'window': parámetro formal sin referencia
C:\Users\ramse\Documents\Cosas_Uni\Programacion\Graficas 1\ProyectoTuto7\Tutorial07\CPP\ClaseOpenGL.cpp(125,91): warning C4100: 'mods': parámetro formal sin referencia
C:\Users\ramse\Documents\Cosas_Uni\Programacion\Graficas 1\ProyectoTuto7\Tutorial07\CPP\ClaseOpenGL.cpp(125,79): warning C4100: 'action': parámetro formal sin referencia
C:\Users\ramse\Documents\Cosas_Uni\Programacion\Graficas 1\ProyectoTuto7\Tutorial07\CPP\ClaseOpenGL.cpp(125,65): warning C4100: 'scancode': parámetro formal sin referencia
C:\Users\ramse\Documents\Cosas_Uni\Programacion\Graficas 1\ProyectoTuto7\Tutorial07\CPP\ClaseOpenGL.cpp(125,56): warning C4100: 'key': parámetro formal sin referencia
C:\Users\ramse\Documents\Cosas_Uni\Programacion\Graficas 1\ProyectoTuto7\Tutorial07\CPP\ClaseOpenGL.cpp(134,85): warning C4100: 'mods': parámetro formal sin referencia
C:\Users\ramse\Documents\Cosas_Uni\Programacion\Graficas 1\ProyectoTuto7\Tutorial07\CPP\ClaseOpenGL.cpp(134,73): warning C4100: 'action': parámetro formal sin referencia
C:\Users\ramse\Documents\Cosas_Uni\Programacion\Graficas 1\ProyectoTuto7\Tutorial07\CPP\ClaseOpenGL.cpp(134,59): warning C4100: 'scancode': parámetro formal sin referencia
C:\Users\ramse\Documents\Cosas_Uni\Programacion\Graficas 1\ProyectoTuto7\Tutorial07\CPP\ClaseOpenGL.cpp(134,38): warning C4100: 'window': parámetro formal sin referencia
C:\Users\ramse\Documents\Cosas_Uni\Programacion\Graficas 1\ProyectoTuto7\Tutorial07\CPP\ClaseOpenGL.cpp(160,66): warning C4244: 'argumento': conversión de 'LONG' a 'float'; posible pérdida de datos
C:\Users\ramse\Documents\Cosas_Uni\Programacion\Graficas 1\ProyectoTuto7\Tutorial07\CPP\ClaseOpenGL.cpp(160,54): warning C4244: 'argumento': conversión de 'LONG' a 'float'; posible pérdida de datos
C:\Users\ramse\Documents\Cosas_Uni\Programacion\Graficas 1\ProyectoTuto7\Tutorial07\CPP\ClaseOpenGL.cpp(531,23): warning C4018: '<': no coinciden signed/unsigned
C:\Users\ramse\Documents\Cosas_Uni\Programacion\Graficas 1\ProyectoTuto7\Tutorial07\CPP\ClaseOpenGL.cpp(663,23): warning C4018: '<': no coinciden signed/unsigned
  GraphicApi.cpp
C:\Users\ramse\Documents\Cosas_Uni\Programacion\Graficas 1\ProyectoTuto7\Tutorial07\Encabezados\Defines.h(5,1): warning C4005: 'OPENGL': redefinición de macro
C:\Users\ramse\Documents\Cosas_Uni\Programacion\Graficas 1\ProyectoTuto7\Tutorial07\CPP\GraphicApi.cpp : message : vea la definición anterior de 'OPENGL'
C:\Users\ramse\Documents\Cosas_Uni\Programacion\Graficas 1\ProyectoTuto7\Tutorial07\includes\mathfu\internal\vector_2.h(135,1): warning C4201: se ha utilizado una extensión no estándar: struct/union sin especificar
C:\Users\ramse\Documents\Cosas_Uni\Programacion\Graficas 1\ProyectoTuto7\Tutorial07\includes\mathfu\internal\vector_2.h(138): message : Vea la referencia a la creación de una instancia de clase plantilla "mathfu::Vector<T,2>" que se está compilando
C:\Users\ramse\Documents\Cosas_Uni\Programacion\Graficas 1\ProyectoTuto7\Tutorial07\includes\mathfu\internal\vector_2.h(168,1): warning C4201: se ha utilizado una extensión no estándar: struct/union sin especificar
C:\Users\ramse\Documents\Cosas_Uni\Programacion\Graficas 1\ProyectoTuto7\Tutorial07\includes\mathfu\internal\vector_2.h(171): message : Vea la referencia a la creación de una instancia de clase plantilla "mathfu::VectorPacked<T,2>" que se está compilando
C:\Users\ramse\Documents\Cosas_Uni\Programacion\Graficas 1\ProyectoTuto7\Tutorial07\includes\mathfu\internal\vector_3.h(151,1): warning C4201: se ha utilizado una extensión no estándar: struct/union sin especificar
C:\Users\ramse\Documents\Cosas_Uni\Programacion\Graficas 1\ProyectoTuto7\Tutorial07\includes\mathfu\internal\vector_3.h(154): message : Vea la referencia a la creación de una instancia de clase plantilla "mathfu::Vector<T,3>" que se está compilando
C:\Users\ramse\Documents\Cosas_Uni\Programacion\Graficas 1\ProyectoTuto7\Tutorial07\includes\mathfu\internal\vector_3.h(185,1): warning C4201: se ha utilizado una extensión no estándar: struct/union sin especificar
C:\Users\ramse\Documents\Cosas_Uni\Programacion\Graficas 1\ProyectoTuto7\Tutorial07\includes\mathfu\internal\vector_3.h(188): message : Vea la referencia a la creación de una instancia de clase plantilla "mathfu::VectorPacked<T,3>" que se está compilando
C:\Users\ramse\Documents\Cosas_Uni\Programacion\Graficas 1\ProyectoTuto7\Tutorial07\includes\mathfu\internal\vector_4.h(157,1): warning C4201: se ha utilizado una extensión no estándar: struct/union sin especificar
C:\Users\ramse\Documents\Cosas_Uni\Programacion\Graficas 1\ProyectoTuto7\Tutorial07\includes\mathfu\internal\vector_4.h(160): message : Vea la referencia a la creación de una instancia de clase plantilla "mathfu::Vector<T,4>" que se está compilando
C:\Users\ramse\Documents\Cosas_Uni\Programacion\Graficas 1\ProyectoTuto7\Tutorial07\includes\mathfu\internal\vector_4.h(192,1): warning C4201: se ha utilizado una extensión no estándar: struct/union sin especificar
C:\Users\ramse\Documents\Cosas_Uni\Programacion\Graficas 1\ProyectoTuto7\Tutorial07\includes\mathfu\internal\vector_4.h(195): message : Vea la referencia a la creación de una instancia de clase plantilla "mathfu::VectorPacked<T,4>" que se está compilando
C:\Users\ramse\Documents\Cosas_Uni\Programacion\Graficas 1\ProyectoTuto7\Tutorial07\Encabezados\Defines.h(55,2): warning C4091: 'typedef ': se ha omitido a la izquierda de 'BoneInfo' cuando no hay ninguna variable declarada
C:\Users\ramse\Documents\Cosas_Uni\Programacion\Graficas 1\ProyectoTuto7\Tutorial07\Encabezados\Defines.h(63,2): warning C4091: 'typedef ': se ha omitido a la izquierda de 'AnimationInfo' cuando no hay ninguna variable declarada
C:\Users\ramse\Documents\Cosas_Uni\Programacion\Graficas 1\ProyectoTuto7\Tutorial07\Encabezados\Defines.h(77,2): warning C4091: 'typedef ': se ha omitido a la izquierda de 'TransitionInfo' cuando no hay ninguna variable declarada
C:\Users\ramse\Documents\Cosas_Uni\Programacion\Graficas 1\ProyectoTuto7\Tutorial07\Encabezados\Defines.h(90,2): warning C4091: 'typedef ': se ha omitido a la izquierda de 'BlendInfo' cuando no hay ninguna variable declarada
C:\Users\ramse\Documents\Cosas_Uni\Programacion\Graficas 1\ProyectoTuto7\Tutorial07\Encabezados\Defines.h(97,2): warning C4091: 'typedef ': se ha omitido a la izquierda de 'VertexInfo' cuando no hay ninguna variable declarada
C:\Users\ramse\Documents\Cosas_Uni\Programacion\Graficas 1\ProyectoTuto7\Tutorial07\Encabezados\Mesh.h(17,2): warning C4091: 'typedef ': se ha omitido a la izquierda de 'VertexBoneData' cuando no hay ninguna variable declarada
C:\Users\ramse\Documents\Cosas_Uni\Programacion\Graficas 1\ProyectoTuto7\Tutorial07\Encabezados\Mesh.h(62,44): warning C4100: 'numVertex': parámetro formal sin referencia
C:\Users\ramse\Documents\Cosas_Uni\Programacion\Graficas 1\ProyectoTuto7\Tutorial07\Encabezados\Mesh.h(62,30): warning C4100: 'MyVertex': parámetro formal sin referencia
C:\Users\ramse\Documents\Cosas_Uni\Programacion\Graficas 1\ProyectoTuto7\Tutorial07\CPP\GraphicApi.cpp(69,92): warning C4100: '_dev': parámetro formal sin referencia
C:\Users\ramse\Documents\Cosas_Uni\Programacion\Graficas 1\ProyectoTuto7\Tutorial07\CPP\GraphicApi.cpp(129,99): warning C4100: '_dev': parámetro formal sin referencia
C:\Users\ramse\Documents\Cosas_Uni\Programacion\Graficas 1\ProyectoTuto7\Tutorial07\CPP\GraphicApi.cpp(153,11): warning C4189: 'direcTextur': la variable local se ha inicializado pero no se hace referencia a ella
C:\Users\ramse\Documents\Cosas_Uni\Programacion\Graficas 1\ProyectoTuto7\Tutorial07\CPP\GraphicApi.cpp(145,12): warning C4101: 'wtext': variable local sin referencia
C:\Users\ramse\Documents\Cosas_Uni\Programacion\Graficas 1\ProyectoTuto7\Tutorial07\CPP\GraphicApi.cpp(246,20): warning C4018: '<': no coinciden signed/unsigned
C:\Users\ramse\Documents\Cosas_Uni\Programacion\Graficas 1\ProyectoTuto7\Tutorial07\CPP\GraphicApi.cpp(321,11): warning C4189: 'direcTextur': la variable local se ha inicializado pero no se hace referencia a ella
C:\Users\ramse\Documents\Cosas_Uni\Programacion\Graficas 1\ProyectoTuto7\Tutorial07\CPP\GraphicApi.cpp(313,12): warning C4101: 'wtext': variable local sin referencia
  Mesh.cpp
C:\Users\ramse\Documents\Cosas_Uni\Programacion\Graficas 1\ProyectoTuto7\Tutorial07\Encabezados\Defines.h(5,1): warning C4005: 'OPENGL': redefinición de macro
C:\Users\ramse\Documents\Cosas_Uni\Programacion\Graficas 1\ProyectoTuto7\Tutorial07\CPP\Mesh.cpp : message : vea la definición anterior de 'OPENGL'
C:\Users\ramse\Documents\Cosas_Uni\Programacion\Graficas 1\ProyectoTuto7\Tutorial07\includes\mathfu\internal\vector_2.h(135,1): warning C4201: se ha utilizado una extensión no estándar: struct/union sin especificar
C:\Users\ramse\Documents\Cosas_Uni\Programacion\Graficas 1\ProyectoTuto7\Tutorial07\includes\mathfu\internal\vector_2.h(138): message : Vea la referencia a la creación de una instancia de clase plantilla "mathfu::Vector<T,2>" que se está compilando
C:\Users\ramse\Documents\Cosas_Uni\Programacion\Graficas 1\ProyectoTuto7\Tutorial07\includes\mathfu\internal\vector_2.h(168,1): warning C4201: se ha utilizado una extensión no estándar: struct/union sin especificar
C:\Users\ramse\Documents\Cosas_Uni\Programacion\Graficas 1\ProyectoTuto7\Tutorial07\includes\mathfu\internal\vector_2.h(171): message : Vea la referencia a la creación de una instancia de clase plantilla "mathfu::VectorPacked<T,2>" que se está compilando
C:\Users\ramse\Documents\Cosas_Uni\Programacion\Graficas 1\ProyectoTuto7\Tutorial07\includes\mathfu\internal\vector_3.h(151,1): warning C4201: se ha utilizado una extensión no estándar: struct/union sin especificar
C:\Users\ramse\Documents\Cosas_Uni\Programacion\Graficas 1\ProyectoTuto7\Tutorial07\includes\mathfu\internal\vector_3.h(154): message : Vea la referencia a la creación de una instancia de clase plantilla "mathfu::Vector<T,3>" que se está compilando
C:\Users\ramse\Documents\Cosas_Uni\Programacion\Graficas 1\ProyectoTuto7\Tutorial07\includes\mathfu\internal\vector_3.h(185,1): warning C4201: se ha utilizado una extensión no estándar: struct/union sin especificar
C:\Users\ramse\Documents\Cosas_Uni\Programacion\Graficas 1\ProyectoTuto7\Tutorial07\includes\mathfu\internal\vector_3.h(188): message : Vea la referencia a la creación de una instancia de clase plantilla "mathfu::VectorPacked<T,3>" que se está compilando
C:\Users\ramse\Documents\Cosas_Uni\Programacion\Graficas 1\ProyectoTuto7\Tutorial07\includes\mathfu\internal\vector_4.h(157,1): warning C4201: se ha utilizado una extensión no estándar: struct/union sin especificar
C:\Users\ramse\Documents\Cosas_Uni\Programacion\Graficas 1\ProyectoTuto7\Tutorial07\includes\mathfu\internal\vector_4.h(160): message : Vea la referencia a la creación de una instancia de clase plantilla "mathfu::Vector<T,4>" que se está compilando
C:\Users\ramse\Documents\Cosas_Uni\Programacion\Graficas 1\ProyectoTuto7\Tutorial07\includes\mathfu\internal\vector_4.h(192,1): warning C4201: se ha utilizado una extensión no estándar: struct/union sin especificar
C:\Users\ramse\Documents\Cosas_Uni\Programacion\Graficas 1\ProyectoTuto7\Tutorial07\includes\mathfu\internal\vector_4.h(195): message : Vea la referencia a la creación de una instancia de clase plantilla "mathfu::VectorPacked<T,4>" que se está compilando
C:\Users\ramse\Documents\Cosas_Uni\Programacion\Graficas 1\ProyectoTuto7\Tutorial07\Encabezados\Defines.h(55,2): warning C4091: 'typedef ': se ha omitido a la izquierda de 'BoneInfo' cuando no hay ninguna variable declarada
C:\Users\ramse\Documents\Cosas_Uni\Programacion\Graficas 1\ProyectoTuto7\Tutorial07\Encabezados\Defines.h(63,2): warning C4091: 'typedef ': se ha omitido a la izquierda de 'AnimationInfo' cuando no hay ninguna variable declarada
C:\Users\ramse\Documents\Cosas_Uni\Programacion\Graficas 1\ProyectoTuto7\Tutorial07\Encabezados\Defines.h(77,2): warning C4091: 'typedef ': se ha omitido a la izquierda de 'TransitionInfo' cuando no hay ninguna variable declarada
C:\Users\ramse\Documents\Cosas_Uni\Programacion\Graficas 1\ProyectoTuto7\Tutorial07\Encabezados\Defines.h(90,2): warning C4091: 'typedef ': se ha omitido a la izquierda de 'BlendInfo' cuando no hay ninguna variable declarada
C:\Users\ramse\Documents\Cosas_Uni\Programacion\Graficas 1\ProyectoTuto7\Tutorial07\Encabezados\Defines.h(97,2): warning C4091: 'typedef ': se ha omitido a la izquierda de 'VertexInfo' cuando no hay ninguna variable declarada
C:\Users\ramse\Documents\Cosas_Uni\Programacion\Graficas 1\ProyectoTuto7\Tutorial07\Encabezados\Mesh.h(17,2): warning C4091: 'typedef ': se ha omitido a la izquierda de 'VertexBoneData' cuando no hay ninguna variable declarada
C:\Users\ramse\Documents\Cosas_Uni\Programacion\Graficas 1\ProyectoTuto7\Tutorial07\Encabezados\Mesh.h(62,44): warning C4100: 'numVertex': parámetro formal sin referencia
C:\Users\ramse\Documents\Cosas_Uni\Programacion\Graficas 1\ProyectoTuto7\Tutorial07\Encabezados\Mesh.h(62,30): warning C4100: 'MyVertex': parámetro formal sin referencia
C:\Users\ramse\Documents\Cosas_Uni\Programacion\Graficas 1\ProyectoTuto7\Tutorial07\CPP\Mesh.cpp(49,88): warning C4100: '_dev': parámetro formal sin referencia
C:\Users\ramse\Documents\Cosas_Uni\Programacion\Graficas 1\ProyectoTuto7\Tutorial07\CPP\Mesh.cpp(49,62): warning C4100: '_bufferData': parámetro formal sin referencia
C:\Users\ramse\Documents\Cosas_Uni\Programacion\Graficas 1\ProyectoTuto7\Tutorial07\CPP\Mesh.cpp(49,39): warning C4100: '_devCont': parámetro formal sin referencia
C:\Users\ramse\Documents\Cosas_Uni\Programacion\Graficas 1\ProyectoTuto7\Tutorial07\CPP\Mesh.cpp(77,7): warning C4189: 'offset': la variable local se ha inicializado pero no se hace referencia a ella
C:\Users\ramse\Documents\Cosas_Uni\Programacion\Graficas 1\ProyectoTuto7\Tutorial07\CPP\Mesh.cpp(76,7): warning C4189: 'stride': la variable local se ha inicializado pero no se hace referencia a ella
  SceneManager.cpp
C:\Users\ramse\Documents\Cosas_Uni\Programacion\Graficas 1\ProyectoTuto7\Tutorial07\Encabezados\Defines.h(5,1): warning C4005: 'OPENGL': redefinición de macro
C:\Users\ramse\Documents\Cosas_Uni\Programacion\Graficas 1\ProyectoTuto7\Tutorial07\CPP\SceneManager.cpp : message : vea la definición anterior de 'OPENGL'
C:\Users\ramse\Documents\Cosas_Uni\Programacion\Graficas 1\ProyectoTuto7\Tutorial07\includes\mathfu\internal\vector_2.h(135,1): warning C4201: se ha utilizado una extensión no estándar: struct/union sin especificar
C:\Users\ramse\Documents\Cosas_Uni\Programacion\Graficas 1\ProyectoTuto7\Tutorial07\includes\mathfu\internal\vector_2.h(138): message : Vea la referencia a la creación de una instancia de clase plantilla "mathfu::Vector<T,2>" que se está compilando
C:\Users\ramse\Documents\Cosas_Uni\Programacion\Graficas 1\ProyectoTuto7\Tutorial07\includes\mathfu\internal\vector_2.h(168,1): warning C4201: se ha utilizado una extensión no estándar: struct/union sin especificar
C:\Users\ramse\Documents\Cosas_Uni\Programacion\Graficas 1\ProyectoTuto7\Tutorial07\includes\mathfu\internal\vector_2.h(171): message : Vea la referencia a la creación de una instancia de clase plantilla "mathfu::VectorPacked<T,2>" que se está compilando
C:\Users\ramse\Documents\Cosas_Uni\Programacion\Graficas 1\ProyectoTuto7\Tutorial07\includes\mathfu\internal\vector_3.h(151,1): warning C4201: se ha utilizado una extensión no estándar: struct/union sin especificar
C:\Users\ramse\Documents\Cosas_Uni\Programacion\Graficas 1\ProyectoTuto7\Tutorial07\includes\mathfu\internal\vector_3.h(154): message : Vea la referencia a la creación de una instancia de clase plantilla "mathfu::Vector<T,3>" que se está compilando
C:\Users\ramse\Documents\Cosas_Uni\Programacion\Graficas 1\ProyectoTuto7\Tutorial07\includes\mathfu\internal\vector_3.h(185,1): warning C4201: se ha utilizado una extensión no estándar: struct/union sin especificar
C:\Users\ramse\Documents\Cosas_Uni\Programacion\Graficas 1\ProyectoTuto7\Tutorial07\includes\mathfu\internal\vector_3.h(188): message : Vea la referencia a la creación de una instancia de clase plantilla "mathfu::VectorPacked<T,3>" que se está compilando
C:\Users\ramse\Documents\Cosas_Uni\Programacion\Graficas 1\ProyectoTuto7\Tutorial07\includes\mathfu\internal\vector_4.h(157,1): warning C4201: se ha utilizado una extensión no estándar: struct/union sin especificar
C:\Users\ramse\Documents\Cosas_Uni\Programacion\Graficas 1\ProyectoTuto7\Tutorial07\includes\mathfu\internal\vector_4.h(160): message : Vea la referencia a la creación de una instancia de clase plantilla "mathfu::Vector<T,4>" que se está compilando
C:\Users\ramse\Documents\Cosas_Uni\Programacion\Graficas 1\ProyectoTuto7\Tutorial07\includes\mathfu\internal\vector_4.h(192,1): warning C4201: se ha utilizado una extensión no estándar: struct/union sin especificar
C:\Users\ramse\Documents\Cosas_Uni\Programacion\Graficas 1\ProyectoTuto7\Tutorial07\includes\mathfu\internal\vector_4.h(195): message : Vea la referencia a la creación de una instancia de clase plantilla "mathfu::VectorPacked<T,4>" que se está compilando
C:\Users\ramse\Documents\Cosas_Uni\Programacion\Graficas 1\ProyectoTuto7\Tutorial07\Encabezados\Defines.h(55,2): warning C4091: 'typedef ': se ha omitido a la izquierda de 'BoneInfo' cuando no hay ninguna variable declarada
C:\Users\ramse\Documents\Cosas_Uni\Programacion\Graficas 1\ProyectoTuto7\Tutorial07\Encabezados\Defines.h(63,2): warning C4091: 'typedef ': se ha omitido a la izquierda de 'AnimationInfo' cuando no hay ninguna variable declarada
C:\Users\ramse\Documents\Cosas_Uni\Programacion\Graficas 1\ProyectoTuto7\Tutorial07\Encabezados\Defines.h(77,2): warning C4091: 'typedef ': se ha omitido a la izquierda de 'TransitionInfo' cuando no hay ninguna variable declarada
C:\Users\ramse\Documents\Cosas_Uni\Programacion\Graficas 1\ProyectoTuto7\Tutorial07\Encabezados\Defines.h(90,2): warning C4091: 'typedef ': se ha omitido a la izquierda de 'BlendInfo' cuando no hay ninguna variable declarada
C:\Users\ramse\Documents\Cosas_Uni\Programacion\Graficas 1\ProyectoTuto7\Tutorial07\Encabezados\Defines.h(97,2): warning C4091: 'typedef ': se ha omitido a la izquierda de 'VertexInfo' cuando no hay ninguna variable declarada
C:\Users\ramse\Documents\Cosas_Uni\Programacion\Graficas 1\ProyectoTuto7\Tutorial07\Encabezados\Mesh.h(17,2): warning C4091: 'typedef ': se ha omitido a la izquierda de 'VertexBoneData' cuando no hay ninguna variable declarada
C:\Users\ramse\Documents\Cosas_Uni\Programacion\Graficas 1\ProyectoTuto7\Tutorial07\Encabezados\Mesh.h(62,44): warning C4100: 'numVertex': parámetro formal sin referencia
C:\Users\ramse\Documents\Cosas_Uni\Programacion\Graficas 1\ProyectoTuto7\Tutorial07\Encabezados\Mesh.h(62,30): warning C4100: 'MyVertex': parámetro formal sin referencia
  Tutorial07.cpp
C:\Users\ramse\Documents\Cosas_Uni\Programacion\Graficas 1\ProyectoTuto7\Tutorial07\Encabezados\Defines.h(5,1): warning C4005: 'OPENGL': redefinición de macro
C:\Users\ramse\Documents\Cosas_Uni\Programacion\Graficas 1\ProyectoTuto7\Tutorial07\Tutorial07.cpp : message : vea la definición anterior de 'OPENGL'
C:\Users\ramse\Documents\Cosas_Uni\Programacion\Graficas 1\ProyectoTuto7\Tutorial07\includes\mathfu\internal\vector_2.h(135,1): warning C4201: se ha utilizado una extensión no estándar: struct/union sin especificar
C:\Users\ramse\Documents\Cosas_Uni\Programacion\Graficas 1\ProyectoTuto7\Tutorial07\includes\mathfu\internal\vector_2.h(138): message : Vea la referencia a la creación de una instancia de clase plantilla "mathfu::Vector<T,2>" que se está compilando
C:\Users\ramse\Documents\Cosas_Uni\Programacion\Graficas 1\ProyectoTuto7\Tutorial07\includes\mathfu\internal\vector_2.h(168,1): warning C4201: se ha utilizado una extensión no estándar: struct/union sin especificar
C:\Users\ramse\Documents\Cosas_Uni\Programacion\Graficas 1\ProyectoTuto7\Tutorial07\includes\mathfu\internal\vector_2.h(171): message : Vea la referencia a la creación de una instancia de clase plantilla "mathfu::VectorPacked<T,2>" que se está compilando
C:\Users\ramse\Documents\Cosas_Uni\Programacion\Graficas 1\ProyectoTuto7\Tutorial07\includes\mathfu\internal\vector_3.h(151,1): warning C4201: se ha utilizado una extensión no estándar: struct/union sin especificar
C:\Users\ramse\Documents\Cosas_Uni\Programacion\Graficas 1\ProyectoTuto7\Tutorial07\includes\mathfu\internal\vector_3.h(154): message : Vea la referencia a la creación de una instancia de clase plantilla "mathfu::Vector<T,3>" que se está compilando
C:\Users\ramse\Documents\Cosas_Uni\Programacion\Graficas 1\ProyectoTuto7\Tutorial07\includes\mathfu\internal\vector_3.h(185,1): warning C4201: se ha utilizado una extensión no estándar: struct/union sin especificar
C:\Users\ramse\Documents\Cosas_Uni\Programacion\Graficas 1\ProyectoTuto7\Tutorial07\includes\mathfu\internal\vector_3.h(188): message : Vea la referencia a la creación de una instancia de clase plantilla "mathfu::VectorPacked<T,3>" que se está compilando
C:\Users\ramse\Documents\Cosas_Uni\Programacion\Graficas 1\ProyectoTuto7\Tutorial07\includes\mathfu\internal\vector_4.h(157,1): warning C4201: se ha utilizado una extensión no estándar: struct/union sin especificar
C:\Users\ramse\Documents\Cosas_Uni\Programacion\Graficas 1\ProyectoTuto7\Tutorial07\includes\mathfu\internal\vector_4.h(160): message : Vea la referencia a la creación de una instancia de clase plantilla "mathfu::Vector<T,4>" que se está compilando
C:\Users\ramse\Documents\Cosas_Uni\Programacion\Graficas 1\ProyectoTuto7\Tutorial07\includes\mathfu\internal\vector_4.h(192,1): warning C4201: se ha utilizado una extensión no estándar: struct/union sin especificar
C:\Users\ramse\Documents\Cosas_Uni\Programacion\Graficas 1\ProyectoTuto7\Tutorial07\includes\mathfu\internal\vector_4.h(195): message : Vea la referencia a la creación de una instancia de clase plantilla "mathfu::VectorPacked<T,4>" que se está compilando
C:\Users\ramse\Documents\Cosas_Uni\Programacion\Graficas 1\ProyectoTuto7\Tutorial07\Encabezados\Defines.h(55,2): warning C4091: 'typedef ': se ha omitido a la izquierda de 'BoneInfo' cuando no hay ninguna variable declarada
C:\Users\ramse\Documents\Cosas_Uni\Programacion\Graficas 1\ProyectoTuto7\Tutorial07\Encabezados\Defines.h(63,2): warning C4091: 'typedef ': se ha omitido a la izquierda de 'AnimationInfo' cuando no hay ninguna variable declarada
C:\Users\ramse\Documents\Cosas_Uni\Programacion\Graficas 1\ProyectoTuto7\Tutorial07\Encabezados\Defines.h(77,2): warning C4091: 'typedef ': se ha omitido a la izquierda de 'TransitionInfo' cuando no hay ninguna variable declarada
C:\Users\ramse\Documents\Cosas_Uni\Programacion\Graficas 1\ProyectoTuto7\Tutorial07\Encabezados\Defines.h(90,2): warning C4091: 'typedef ': se ha omitido a la izquierda de 'BlendInfo' cuando no hay ninguna variable declarada
C:\Users\ramse\Documents\Cosas_Uni\Programacion\Graficas 1\ProyectoTuto7\Tutorial07\Encabezados\Defines.h(97,2): warning C4091: 'typedef ': se ha omitido a la izquierda de 'VertexInfo' cuando no hay ninguna variable declarada
C:\Program Files (x86)\Microsoft DirectX SDK (June 2010)\Include\xnamath.h(2662,52): warning C4838: la conversión de 'unsigned int' en 'INT' requiere una conversión de restricción
C:\Program Files (x86)\Microsoft DirectX SDK (June 2010)\Include\xnamath.h(2662,64): warning C4838: la conversión de 'unsigned int' en 'INT' requiere una conversión de restricción
C:\Program Files (x86)\Microsoft DirectX SDK (June 2010)\Include\xnamath.h(2662,76): warning C4838: la conversión de 'unsigned int' en 'INT' requiere una conversión de restricción
C:\Program Files (x86)\Microsoft DirectX SDK (June 2010)\Include\xnamath.h(2662,88): warning C4838: la conversión de 'unsigned int' en 'INT' requiere una conversión de restricción
C:\Program Files (x86)\Microsoft DirectX SDK (June 2010)\Include\xnamath.h(2663,52): warning C4838: la conversión de 'unsigned int' en 'INT' requiere una conversión de restricción
C:\Program Files (x86)\Microsoft DirectX SDK (June 2010)\Include\xnamath.h(2663,64): warning C4838: la conversión de 'unsigned int' en 'INT' requiere una conversión de restricción
C:\Program Files (x86)\Microsoft DirectX SDK (June 2010)\Include\xnamath.h(2663,76): warning C4838: la conversión de 'unsigned int' en 'INT' requiere una conversión de restricción
C:\Program Files (x86)\Microsoft DirectX SDK (June 2010)\Include\xnamath.h(2664,52): warning C4838: la conversión de 'unsigned int' en 'INT' requiere una conversión de restricción
C:\Program Files (x86)\Microsoft DirectX SDK (June 2010)\Include\xnamath.h(2664,64): warning C4838: la conversión de 'unsigned int' en 'INT' requiere una conversión de restricción
C:\Program Files (x86)\Microsoft DirectX SDK (June 2010)\Include\xnamath.h(2664,76): warning C4838: la conversión de 'unsigned int' en 'INT' requiere una conversión de restricción
C:\Program Files (x86)\Microsoft DirectX SDK (June 2010)\Include\xnamath.h(2665,52): warning C4838: la conversión de 'unsigned int' en 'INT' requiere una conversión de restricción
C:\Program Files (x86)\Microsoft DirectX SDK (June 2010)\Include\xnamath.h(2666,64): warning C4838: la conversión de 'unsigned int' en 'INT' requiere una conversión de restricción
C:\Program Files (x86)\Microsoft DirectX SDK (June 2010)\Include\xnamath.h(2667,76): warning C4838: la conversión de 'unsigned int' en 'INT' requiere una conversión de restricción
C:\Program Files (x86)\Microsoft DirectX SDK (June 2010)\Include\xnamath.h(2668,88): warning C4838: la conversión de 'unsigned int' en 'INT' requiere una conversión de restricción
C:\Program Files (x86)\Microsoft DirectX SDK (June 2010)\Include\xnamath.h(2689,46): warning C4838: la conversión de 'unsigned int' en 'INT' requiere una conversión de restricción
C:\Program Files (x86)\Microsoft DirectX SDK (June 2010)\Include\xnamath.h(2689,58): warning C4838: la conversión de 'unsigned int' en 'INT' requiere una conversión de restricción
C:\Program Files (x86)\Microsoft DirectX SDK (June 2010)\Include\xnamath.h(2689,70): warning C4838: la conversión de 'unsigned int' en 'INT' requiere una conversión de restricción
C:\Program Files (x86)\Microsoft DirectX SDK (June 2010)\Include\xnamath.h(2689,82): warning C4838: la conversión de 'unsigned int' en 'INT' requiere una conversión de restricción
C:\Program Files (x86)\Microsoft DirectX SDK (June 2010)\Include\xnamath.h(2690,88): warning C4838: la conversión de 'unsigned int' en 'INT' requiere una conversión de restricción
C:\Program Files (x86)\Microsoft DirectX SDK (June 2010)\Include\xnamath.h(2691,88): warning C4838: la conversión de 'unsigned int' en 'INT' requiere una conversión de restricción
C:\Program Files (x86)\Microsoft DirectX SDK (June 2010)\Include\xnamath.h(2694,88): warning C4838: la conversión de 'unsigned int' en 'INT' requiere una conversión de restricción
C:\Program Files (x86)\Microsoft DirectX SDK (June 2010)\Include\xnamath.h(2695,88): warning C4838: la conversión de 'unsigned int' en 'INT' requiere una conversión de restricción
C:\Program Files (x86)\Microsoft DirectX SDK (June 2010)\Include\xnamath.h(2698,64): warning C4838: la conversión de 'unsigned int' en 'INT' requiere una conversión de restricción
C:\Program Files (x86)\Microsoft DirectX SDK (June 2010)\Include\xnamath.h(2702,76): warning C4838: la conversión de 'unsigned int' en 'INT' requiere una conversión de restricción
C:\Program Files (x86)\Microsoft DirectX SDK (June 2010)\Include\xnamath.h(2702,88): warning C4838: la conversión de 'unsigned int' en 'INT' requiere una conversión de restricción
C:\Program Files (x86)\Microsoft DirectX SDK (June 2010)\Include\xnamath.h(2712,65): warning C4838: la conversión de 'unsigned int' en 'INT' requiere una conversión de restricción
C:\Program Files (x86)\Microsoft DirectX SDK (June 2010)\Include\xnamath.h(2712,91): warning C4838: la conversión de 'unsigned int' en 'INT' requiere una conversión de restricción
C:\Program Files (x86)\Microsoft DirectX SDK (June 2010)\Include\xnamath.h(2713,52): warning C4838: la conversión de 'unsigned int' en 'INT' requiere una conversión de restricción
C:\Program Files (x86)\Microsoft DirectX SDK (June 2010)\Include\xnamath.h(2713,78): warning C4838: la conversión de 'unsigned int' en 'INT' requiere una conversión de restricción
C:\Program Files (x86)\Microsoft DirectX SDK (June 2010)\Include\xnamath.h(2715,52): warning C4838: la conversión de 'unsigned int' en 'INT' requiere una conversión de restricción
C:\Program Files (x86)\Microsoft DirectX SDK (June 2010)\Include\xnamath.h(2716,52): warning C4838: la conversión de 'unsigned int' en 'INT' requiere una conversión de restricción
C:\Program Files (x86)\Microsoft DirectX SDK (June 2010)\Include\xnamath.h(2716,65): warning C4838: la conversión de 'unsigned int' en 'INT' requiere una conversión de restricción
C:\Program Files (x86)\Microsoft DirectX SDK (June 2010)\Include\xnamath.h(2717,52): warning C4838: la conversión de 'unsigned int' en 'INT' requiere una conversión de restricción
C:\Program Files (x86)\Microsoft DirectX SDK (June 2010)\Include\xnamath.h(2717,65): warning C4838: la conversión de 'unsigned int' en 'INT' requiere una conversión de restricción
C:\Program Files (x86)\Microsoft DirectX SDK (June 2010)\Include\xnamath.h(2717,78): warning C4838: la conversión de 'unsigned int' en 'INT' requiere una conversión de restricción
C:\Program Files (x86)\Microsoft DirectX SDK (June 2010)\Include\xnamath.h(2727,54): warning C4838: la conversión de 'unsigned int' en 'INT' requiere una conversión de restricción
C:\Program Files (x86)\Microsoft DirectX SDK (June 2010)\Include\xnamath.h(2728,56): warning C4838: la conversión de 'unsigned int' en 'INT' requiere una conversión de restricción
C:\Program Files (x86)\Microsoft DirectX SDK (June 2010)\Include\xnamath.h(2729,58): warning C4838: la conversión de 'unsigned int' en 'INT' requiere una conversión de restricción
C:\Program Files (x86)\Microsoft DirectX SDK (June 2010)\Include\xnamath.h(2730,54): warning C4838: la conversión de 'unsigned int' en 'INT' requiere una conversión de restricción
C:\Program Files (x86)\Microsoft DirectX SDK (June 2010)\Include\xnamath.h(2730,65): warning C4838: la conversión de 'unsigned int' en 'INT' requiere una conversión de restricción
C:\Program Files (x86)\Microsoft DirectX SDK (June 2010)\Include\xnamath.h(2731,56): warning C4838: la conversión de 'unsigned int' en 'INT' requiere una conversión de restricción
C:\Program Files (x86)\Microsoft DirectX SDK (June 2010)\Include\xnamath.h(2731,67): warning C4838: la conversión de 'unsigned int' en 'INT' requiere una conversión de restricción
C:\Program Files (x86)\Microsoft DirectX SDK (June 2010)\Include\xnamath.h(2732,54): warning C4838: la conversión de 'unsigned int' en 'INT' requiere una conversión de restricción
C:\Program Files (x86)\Microsoft DirectX SDK (June 2010)\Include\xnamath.h(2732,67): warning C4838: la conversión de 'unsigned int' en 'INT' requiere una conversión de restricción
C:\Program Files (x86)\Microsoft DirectX SDK (June 2010)\Include\xnamath.h(2742,60): warning C4838: la conversión de 'unsigned int' en 'INT' requiere una conversión de restricción
C:\Program Files (x86)\Microsoft DirectX SDK (June 2010)\Include\xnamath.h(2742,79): warning C4838: la conversión de 'unsigned int' en 'INT' requiere una conversión de restricción
C:\Program Files (x86)\Microsoft DirectX SDK (June 2010)\Include\xnamath.h(2743,70): warning C4838: la conversión de 'unsigned int' en 'INT' requiere una conversión de restricción
C:\Program Files (x86)\Microsoft DirectX SDK (June 2010)\Include\xnamath.h(2754,73): warning C4838: la conversión de 'unsigned int' en 'INT' requiere una conversión de restricción
C:\Program Files (x86)\Microsoft DirectX SDK (June 2010)\Include\xnamathconvert.inl(2254,71): warning C4838: la conversión de 'unsigned int' en 'INT' requiere una conversión de restricción
C:\Program Files (x86)\Microsoft DirectX SDK (June 2010)\Include\xnamathconvert.inl(4523,69): warning C4838: la conversión de 'unsigned int' en 'INT' requiere una conversión de restricción
C:\Program Files (x86)\Microsoft DirectX SDK (June 2010)\Include\xnamathconvert.inl(4577,68): warning C4838: la conversión de 'unsigned int' en 'INT' requiere una conversión de restricción
C:\Program Files (x86)\Microsoft DirectX SDK (June 2010)\Include\xnamathconvert.inl(4639,65): warning C4838: la conversión de 'unsigned int' en 'INT' requiere una conversión de restricción
C:\Program Files (x86)\Microsoft DirectX SDK (June 2010)\Include\xnamathconvert.inl(4707,64): warning C4838: la conversión de 'unsigned int' en 'INT' requiere una conversión de restricción
C:\Program Files (x86)\Microsoft DirectX SDK (June 2010)\Include\xnamathconvert.inl(4770,64): warning C4838: la conversión de 'unsigned int' en 'INT' requiere una conversión de restricción
C:\Program Files (x86)\Microsoft DirectX SDK (June 2010)\Include\xnamathconvert.inl(4832,63): warning C4838: la conversión de 'unsigned int' en 'INT' requiere una conversión de restricción
C:\Program Files (x86)\Microsoft DirectX SDK (June 2010)\Include\xnamathvector.inl(1269,45): warning C4838: la conversión de 'unsigned int' en 'INT' requiere una conversión de restricción
C:\Program Files (x86)\Microsoft DirectX SDK (June 2010)\Include\xnamathvector.inl(1269,56): warning C4838: la conversión de 'unsigned int' en 'INT' requiere una conversión de restricción
C:\Program Files (x86)\Microsoft DirectX SDK (June 2010)\Include\xnamathvector.inl(1269,67): warning C4838: la conversión de 'unsigned int' en 'INT' requiere una conversión de restricción
C:\Program Files (x86)\Microsoft DirectX SDK (June 2010)\Include\xnamathvector.inl(1269,78): warning C4838: la conversión de 'unsigned int' en 'INT' requiere una conversión de restricción
C:\Program Files (x86)\Microsoft DirectX SDK (June 2010)\Include\xnamathmisc.inl(518,43): warning C4838: la conversión de 'unsigned int' en 'INT' requiere una conversión de restricción
C:\Program Files (x86)\Microsoft DirectX SDK (June 2010)\Include\xnamathmisc.inl(519,40): warning C4838: la conversión de 'unsigned int' en 'INT' requiere una conversión de restricción
C:\Program Files (x86)\Microsoft DirectX SDK (June 2010)\Include\xnamathmisc.inl(519,51): warning C4838: la conversión de 'unsigned int' en 'INT' requiere una conversión de restricción
C:\Users\ramse\Documents\Cosas_Uni\Programacion\Graficas 1\ProyectoTuto7\Tutorial07\Encabezados\Mesh.h(17,2): warning C4091: 'typedef ': se ha omitido a la izquierda de 'VertexBoneData' cuando no hay ninguna variable declarada
C:\Users\ramse\Documents\Cosas_Uni\Programacion\Graficas 1\ProyectoTuto7\Tutorial07\Encabezados\Mesh.h(62,44): warning C4100: 'numVertex': parámetro formal sin referencia
C:\Users\ramse\Documents\Cosas_Uni\Programacion\Graficas 1\ProyectoTuto7\Tutorial07\Encabezados\Mesh.h(62,30): warning C4100: 'MyVertex': parámetro formal sin referencia
C:\Users\ramse\Documents\Cosas_Uni\Programacion\Graficas 1\ProyectoTuto7\Tutorial07\Tutorial07.cpp(280,28): warning C4244: '=': conversión de 'UINT' a 'float'; posible pérdida de datos
C:\Users\ramse\Documents\Cosas_Uni\Programacion\Graficas 1\ProyectoTuto7\Tutorial07\Tutorial07.cpp(281,27): warning C4244: '=': conversión de 'UINT' a 'float'; posible pérdida de datos
C:\Users\ramse\Documents\Cosas_Uni\Programacion\Graficas 1\ProyectoTuto7\Tutorial07\Tutorial07.cpp(425,45): warning C4100: 'nCmdShow': parámetro formal sin referencia
C:\Users\ramse\Documents\Cosas_Uni\Programacion\Graficas 1\ProyectoTuto7\Tutorial07\Tutorial07.cpp(425,30): warning C4100: 'hInstance': parámetro formal sin referencia
C:\Users\ramse\Documents\Cosas_Uni\Programacion\Graficas 1\ProyectoTuto7\Tutorial07\Tutorial07.cpp(1113,71): warning C4244: 'argumento': conversión de 'LONG' a 'T'; posible pérdida de datos
          with
          [
              T=float
          ]
C:\Users\ramse\Documents\Cosas_Uni\Programacion\Graficas 1\ProyectoTuto7\Tutorial07\Tutorial07.cpp(1113,63): warning C4244: 'argumento': conversión de 'LONG' a 'T'; posible pérdida de datos
          with
          [
              T=float
          ]
  Generando código...
C:\Users\ramse\Documents\Cosas_Uni\Programacion\Graficas 1\ProyectoTuto7\Tutorial07\CPP\SceneManager.cpp(27): warning C4715: 'SCENEMANAGER::GetMesh': no todas las rutas de acceso de control devuelven un valor
Camera.obj : warning LNK4075: se omite '/EDITANDCONTINUE' debido a la especificación '/SAFESEH'
LINK : warning LNK4098: la biblioteca predeterminada'MSVCRT' entra en conflicto con otras bibliotecas; use la biblioteca /NODEFAULTLIB:biblioteca
  Tutorial07_2010.vcxproj -> C:\Users\ramse\Documents\Cosas_Uni\Programacion\Graficas 1\ProyectoTuto7\Tutorial07\binOPENGL32_Dx86\aplication.exe
